T4120 2216:710.416   SEGGER J-Link V7.52a Log File
T4120 2216:710.458   DLL Compiled: Jul 28 2021 11:08:12
T4120 2216:710.471   Logging started @ 2023-02-25 00:18
T4120 2216:710.481 - 44.978ms
T4120 2216:710.497 JLINK_ExecCommand("device = ATSAMD21J15B", ...). 
T4120 2216:710.600   Device "ATSAMD21J15" selected.
T4120 2216:710.765 - 0.264ms returns 0x00
T4120 2216:710.782 JLINK_GetHWStatus(...)
T4120 2216:711.548 - 0.776ms returns 0
T4120 2216:711.566 JLINK_ClrRESET()
T4120 2216:712.465 - 0.913ms
T4120 2216:718.176 JLINK_SetRESET()
T4120 2216:718.643 - 0.478ms
T4120 2216:727.116 JLINK_ClrRESET()
T4120 2216:728.021 - 0.927ms
T4120 2216:733.550 JLINK_ClrTCK()
T4120 2216:733.582 - 0.038ms returns -1
T4120 2216:739.040 JLINK_SetRESET()
T4120 2216:740.900 - 1.864ms
T4120 2216:746.090 JLINK_Clock()
T4120 2216:746.732 - 0.644ms returns 0
T4120 2216:752.070 JLINK_TIF_Select(JLINKARM_TIF_SWD)
T4120 2216:754.253 - 2.186ms returns 0x00
T4120 2216:754.259 JLINK_SetSpeed(50)
T4120 2216:754.664 - 0.407ms
T4120 2216:754.669 JLINK_CORESIGHT_Configure()
T4120 2216:769.189 - 14.532ms returns 0
T4120 2216:769.245 JLINK_CORESIGHT_WriteAPDPReg(DP reg 0x02, 0x00000000)
T4120 2216:771.178 - 1.950ms returns 0
T4120 2216:771.200 JLINK_CORESIGHT_WriteAPDPReg(AP reg 0x00, 0x23000040)
T4120 2216:773.891 - 2.708ms returns 0
T4120 2216:773.913 JLINK_CORESIGHT_WriteAPDPReg(AP reg 0x01, 0x41002101)
T4120 2216:780.298 - 6.402ms returns 0
T4120 2216:780.319 JLINK_CORESIGHT_ReadAPDPReg(AP reg 0x03)
T4120 2216:792.171   Value=0x00000000
T4120 2216:792.182 - 11.864ms returns 0
T4120 2216:792.229 JLINK_Halt()
T4120 2216:793.081   InitTarget() start
T4120 2216:793.091    J-Link Script File: Executing InitTarget()
T4120 2216:793.103   InitTarget()
T4120 2216:859.230   InitTarget() end
T4120 2216:867.340   Found SW-DP with ID 0x0BC11477
T4120 2216:894.120   Old FW that does not support reading DPIDR via DAP jobs
T4120 2216:919.971   DPv0 detected
T4120 2216:919.989   Scanning AP map to find all available APs
T4120 2216:936.227   AP[1]: Stopped AP scan as end of AP map has been reached
T4120 2216:936.242   AP[0]: AHB-AP (IDR: 0x04770031)
T4120 2216:936.250   Iterating through AP map to find AHB-AP to use
T4120 2216:964.844   AP[0]: Core found
T4120 2216:964.866   AP[0]: AHB-AP ROM base: 0x41003000
T4120 2216:978.681   CPUID register: 0x410CC601. Implementer code: 0x41 (ARM)
T4120 2216:978.693   Found Cortex-M0 r0p1, Little endian.
T4120 2217:081.554   -- Max. mem block: 0x00000A78
T4120 2217:082.252   CPU_ReadMem(4 bytes @ 0xE000EDF0)
T4120 2217:090.160   CPU_ReadMem(4 bytes @ 0xE0002000)
T4120 2217:098.956   FPUnit: 4 code (BP) slots and 0 literal slots
T4120 2217:098.966   CPU_ReadMem(4 bytes @ 0xE000EDFC)
T4120 2217:106.812   CPU_ReadMem(4 bytes @ 0xE0001000)
T4120 2217:115.515   CPU_WriteMem(4 bytes @ 0xE0001000)
T4120 2217:123.374   CoreSight components:
T4120 2217:123.389   ROMTbl[0] @ 41003000
T4120 2217:123.394   CPU_ReadMem(64 bytes @ 0x41003000)
T4120 2217:150.271   CPU_ReadMem(32 bytes @ 0xE00FFFE0)
T4120 2217:167.182   ROMTbl[0][0]: E00FF000, CID: B105100D, PID: 000BB4C0 ROM Table
T4120 2217:167.199   ROMTbl[1] @ E00FF000
T4120 2217:167.204   CPU_ReadMem(64 bytes @ 0xE00FF000)
T4120 2217:194.853   CPU_ReadMem(32 bytes @ 0xE000EFE0)
T4120 2217:211.882   ROMTbl[1][0]: E000E000, CID: B105E00D, PID: 000BB008 SCS
T4120 2217:211.895   CPU_ReadMem(32 bytes @ 0xE0001FE0)
T4120 2217:228.677   ROMTbl[1][1]: E0001000, CID: B105E00D, PID: 000BB00A DWT
T4120 2217:228.687   CPU_ReadMem(32 bytes @ 0xE0002FE0)
T4120 2217:246.128   ROMTbl[1][2]: E0002000, CID: B105E00D, PID: 000BB00B FPB
T4120 2217:246.143   CPU_ReadMem(32 bytes @ 0x41006FE0)
T4120 2217:263.058   ROMTbl[0][1]: 41006000, CID: B105900D, PID: 001BB932 MTB-M0+
T4120 2217:396.847 - 604.632ms returns 0x00
T4120 2217:396.870 JLINK_EraseChip()
T4120 2217:396.877   Old firmware which does not support pausing periodic actions during flash download
T4120 2217:396.887   CPU_ReadMem(4 bytes @ 0x41006004)
T4120 2217:404.905   CPU_ReadMem(4 bytes @ 0xE000ED90)
T4120 2217:416.549    -- --------------------------------------
T4120 2217:416.574    -- Start of determining dirty areas
T4120 2217:416.622    -- End of determining dirty areas
T4120 2217:416.635    -- Start of preparing flash programming
T4120 2217:416.648    -- Calculating RAM usage
T4120 2217:416.690    -- RAM usage = 3876 Bytes
T4120 2217:416.702    -- Preserving CPU registers
T4120 2217:416.732    -- Preparing memory
T4120 2217:416.744    -- Preparing target
T4120 2217:416.755    -- Downloading RAMCode
T4120 2218:348.078    -- Preparing RAMCode
T4120 2218:572.721    -- Checking target RAM
T4120 2218:618.906    -- End of preparing flash programming
T4120 2218:619.025   Looking for J-Link GUI Server exe at: C:\Program Files (x86)\Atmel\Studio\7.0\atbackend\JLinkGUIServer.exe
T4120 2218:619.058   Looking for J-Link GUI Server exe at: C:\Program Files\SEGGER\JLink\JLinkGUIServer.exe
T4120 2218:619.075   Forking J-Link GUI Server: C:\Program Files\SEGGER\JLink\JLinkGUIServer.exe
T4120 2218:771.776   J-Link GUI Server info: "J-Link GUI server V7.66d "
T4120 2218:785.622    -- CPU speed could not be measured.
T4120 2218:785.636    -- Start of erasing sectors
T4120 2218:785.643    -- Erasing range 0x00000000 - 0x00007FFF (128 Sectors, 32 KB)
T4120 2219:028.475    -- End of erasing sectors
T4120 2219:028.498    -- Start of restoring
T4120 2219:028.503    -- Restoring RAMCode
T4120 2219:198.299    -- Restore target
T4120 2219:198.322    -- Restore memory
T4120 2219:198.328    -- Restoring CPU registers
T4120 2219:198.342    -- End of restoring
T4120 2219:198.392    -- Total time needed: 1.781s (Prepare: 1.369s, Compare: 0.000s, Erase: 0.242s, Program: 0.000s, Verify: 0.000s, Restore: 0.169s)
T4120 2219:204.331    -- --------------------------------------
T4120 2219:204.349    -- Start of determining dirty areas
T4120 2219:204.359    -- End of determining dirty areas
T4120 2219:204.365    -- Start of preparing flash programming
T4120 2219:204.370    -- Calculating RAM usage
T4120 2219:204.383    -- RAM usage = 2852 Bytes
T4120 2219:204.388    -- Preserving CPU registers
T4120 2219:204.405    -- Preparing memory
T4120 2219:204.410    -- Preparing target
T4120 2219:204.416    -- Downloading RAMCode
T4120 2220:076.541    -- Preparing RAMCode
T4120 2220:379.889    -- Checking target RAM
T4120 2220:413.058    -- End of preparing flash programming
T4120 2220:414.743    -- CPU speed could not be measured.
T4120 2220:414.758    -- Start of erasing sectors
T4120 2220:414.764    -- Erasing range 0x00804000 - 0x008040FF (  1 Sector, 256 Bytes)
T4120 2220:463.333    -- End of erasing sectors
T4120 2220:463.357    -- Start of restoring
T4120 2220:463.362    -- Restoring RAMCode
T4120 2220:632.937    -- Restore target
T4120 2220:632.953    -- Restore memory
T4120 2220:632.958    -- Restoring CPU registers
T4120 2220:632.970    -- End of restoring
T4120 2220:633.016    -- Total time needed: 1.428s (Prepare: 1.210s, Compare: 0.000s, Erase: 0.048s, Program: 0.000s, Verify: 0.000s, Restore: 0.169s)
T4120 2220:637.545 - 3240.691ms returns 0
T4120 2220:647.805 JLINK_ExecCommand("Device = ATSAMD21J15B", ...). 
T4120 2220:647.940   Device "ATSAMD21J15" selected.
T4120 2220:648.128 - 0.312ms returns 0x00
T4120 2220:648.139 JLINK_TIF_Select(JLINKARM_TIF_SWD)
T4120 2220:648.143 - 0.005ms returns 0x00
T4120 2220:648.147 JLINK_SetSpeed(4000)
T4120 2220:648.715 - 0.577ms
T4120 2220:648.731 JLINK_ResetPullsRESET(OFF)
T4120 2220:648.734 - 0.005ms
T4120 2220:648.738 JLINK_Connect()
T4120 2220:649.139   InitTarget() start
T4120 2220:649.147    J-Link Script File: Executing InitTarget()
T4120 2220:649.157   InitTarget()
T4120 2220:662.528   InitTarget() end
T4120 2220:664.729   Found SW-DP with ID 0x0BC11477
T4120 2220:677.011   Old FW that does not support reading DPIDR via DAP jobs
T4120 2220:687.847   DPv0 detected
T4120 2220:687.869   AP map detection skipped. Manually configured AP map found.
T4120 2220:687.879   AP[0]: AHB-AP (IDR: Not set)
T4120 2220:699.848   AP[0]: Core found
T4120 2220:699.910   AP[0]: AHB-AP ROM base: 0x41003000
T4120 2220:705.636   CPUID register: 0x410CC601. Implementer code: 0x41 (ARM)
T4120 2220:705.656   Found Cortex-M0 r0p1, Little endian.
T4120 2220:808.072   -- Max. mem block: 0x00000A40
T4120 2220:808.100   CPU_ReadMem(4 bytes @ 0xE000EDF0)
T4120 2220:808.770   CPU_ReadMem(4 bytes @ 0xE0002000)
T4120 2220:809.447   FPUnit: 4 code (BP) slots and 0 literal slots
T4120 2220:809.454   CPU_ReadMem(4 bytes @ 0xE000EDFC)
T4120 2220:811.059   CPU_ReadMem(4 bytes @ 0xE0001000)
T4120 2220:811.758   CoreSight components:
T4120 2220:811.767   ROMTbl[0] @ 41003000
T4120 2220:811.772   CPU_ReadMem(64 bytes @ 0x41003000)
T4120 2220:813.146   CPU_ReadMem(32 bytes @ 0xE00FFFE0)
T4120 2220:814.527   ROMTbl[0][0]: E00FF000, CID: B105100D, PID: 000BB4C0 ROM Table
T4120 2220:814.536   ROMTbl[1] @ E00FF000
T4120 2220:814.542   CPU_ReadMem(64 bytes @ 0xE00FF000)
T4120 2220:816.061   CPU_ReadMem(32 bytes @ 0xE000EFE0)
T4120 2220:817.789   ROMTbl[1][0]: E000E000, CID: B105E00D, PID: 000BB008 SCS
T4120 2220:817.798   CPU_WriteMem(4 bytes @ 0xE0001000)
T4120 2220:818.571   CPU_ReadMem(32 bytes @ 0xE0001FE0)
T4120 2220:820.532   ROMTbl[1][1]: E0001000, CID: B105E00D, PID: 000BB00A DWT
T4120 2220:820.538   CPU_ReadMem(32 bytes @ 0xE0002FE0)
T4120 2220:821.472   ROMTbl[1][2]: E0002000, CID: B105E00D, PID: 000BB00B FPB
T4120 2220:821.478   CPU_ReadMem(32 bytes @ 0x41006FE0)
T4120 2220:822.686   ROMTbl[0][1]: 41006000, CID: B105900D, PID: 001BB932 MTB-M0+
T4120 2220:822.696 - 173.959ms returns 0x00
T4120 2220:822.762 JLINK_Halt()
T4120 2220:823.890 - 1.132ms returns 0x00
T4120 2220:824.619 JLINK_JTAG_GetDeviceID(DeviceIndex = 0)
T4120 2220:824.628 - 0.010ms returns 0
T4120 2220:824.633 JLINK_ReadMemU32(0x41002018, 0x1 Items)
T4120 2220:824.643   CPU_ReadMem(4 bytes @ 0x41002018)
T4120 2220:825.308   Data:  21 15 01 10
T4120 2220:825.327 - 0.695ms returns 1 (0x1)
T2D80 2220:834.581 JLINK_IsHalted()
T2D80 2220:834.604 - 0.025ms returns TRUE
T2D80 2220:834.611 JLINK_GetMOEs(...)
T2D80 2220:834.621   CPU_ReadMem(4 bytes @ 0xE000ED30)
T2D80 2220:835.280 - 0.682ms returns 0x01
T2D80 2220:835.303 JLINK_ReadReg(R15 (PC))
T2D80 2220:835.309 - 0.008ms returns 0x00000664
T4120 2220:848.711 JLINK_BeginDownload(Flags = 0x00000000)
T4120 2220:848.724 - 0.015ms
T4120 2220:848.737 JLINK_WriteMem(0x00000000, 0x5A4C Bytes, ...)
T4120 2220:848.742   Data:  28 09 00 20 65 06 00 00 61 06 00 00 61 06 00 00 ...
T4120 2220:848.984   completely In flash
T4120 2220:849.019    -- Read from flash cache (23116 bytes @ 0x00000000)
T4120 2220:849.028 - 0.293ms returns 0x5A4C
T4120 2220:849.187 JLINK_WriteMem(0x00005A4C, 0x8 Bytes, ...)
T4120 2220:849.193   Data:  B4 F9 FF 7F 01 00 00 00
T4120 2220:849.201   completely In flash
T4120 2220:849.206 - 0.021ms returns 0x8
T4120 2220:849.261 JLINK_WriteMem(0x00005A54, 0x3F4 Bytes, ...)
T4120 2220:849.266   Data:  09 00 00 02 7F 7F 7F 7F 7F 7F 7F 7F 01 00 01 00 ...
T4120 2220:849.272   completely In flash
T4120 2220:849.281    -- Read from flash cache (1012 bytes @ 0x00005A54)
T4120 2220:849.286 - 0.027ms returns 0x3F4
T4120 2220:864.959 JLINK_EndDownload()
T4120 2220:864.975   Old firmware which does not support pausing periodic actions during flash download
T4120 2220:865.001   CPU_ReadMem(4 bytes @ 0x41006004)
T4120 2220:866.003   CPU_ReadMem(4 bytes @ 0xE000ED90)
T4120 2220:866.807    -- --------------------------------------
T4120 2220:866.823   Flash bank @ 0x00000000: Default: L2 verify disabled because algorithm performs L1 verify
T4120 2220:866.829    -- Start of determining dirty areas in flash cache
T4120 2220:866.847    -- End of determining dirty areas
T4120 2220:866.854    -- Start of preparing flash programming
T4120 2220:866.860    -- Calculating RAM usage
T4120 2220:866.872    -- RAM usage = 3876 Bytes
T4120 2220:866.879    -- Preserving CPU registers
T4120 2220:866.895    -- Preparing memory
T4120 2220:866.901    -- Preparing target
T4120 2220:866.908    -- Preserving target RAM temporarily used for programming
T4120 2220:921.780    -- Downloading RAMCode
T4120 2220:968.427    -- Preparing RAMCode
T4120 2220:987.923    -- Checking target RAM
T4120 2221:003.156    -- End of preparing flash programming
T4120 2221:004.792    -- CPU speed could not be measured.
T4120 2221:004.806    -- Start of comparing flash
T4120 2221:004.811    -- CRC check was estimated as fastest method
T4120 2221:014.058    -- Comparing range 0x0000 - 0x5EFF (95 Sectors, 23 KiB), using multi-block CRC calculation
T4120 2221:086.056    -- CRC does not match for sectors 0-94
T4120 2221:086.084    -- End of comparing flash
T4120 2221:086.090    -- Start of erasing sectors
T4120 2221:086.095    -- End of erasing sectors
T4120 2221:086.100    -- Start of flash programming
T4120 2221:086.106    -- Programming range 0x00000000 - 0x00005EFF ( 95 Sectors, 23 KB)
T4120 2221:592.590    -- End of flash programming
T4120 2221:592.612    -- 0x0000 - 0x5EFF ( 95 Sectors, 23 KoB)
T4120 2221:592.617    -- Start of restoring
T4120 2221:592.622    -- Restoring RAMCode
T4120 2221:630.430    -- Restoring target memory
T4120 2221:696.023    -- Restore target
T4120 2221:696.042    -- Restore memory
T4120 2221:696.046    -- Restoring CPU registers
T4120 2221:696.060    -- End of restoring
T4120 2221:696.101    -- Bank 0 @ 0x00000000: 1 range affected (24320 bytes)
T4120 2221:696.112    -- Total: 0.829s (Prepare: 0.137s, Compare: 0.081s, Erase: 0.000s, Program & Verify: 0.534s, Restore: 0.075s)
T4120 2221:696.121    -- Program & Verify speed: 44 KiB/s
T4120 2221:701.074 - 836.130ms returns 24320 (0x5F00)
T4120 2221:701.168 JLINK_SetResetType(JLINKARM_CM3_RESET_TYPE_NORMAL)
T4120 2221:701.178 - 0.011ms returns JLINKARM_CM3_RESET_TYPE_NORMAL
T4120 2221:701.183 JLINK_Reset()
T4120 2221:701.194   CPU_ReadMem(4 bytes @ 0x20000000)
T4120 2221:701.854   CPU_WriteMem(4 bytes @ 0x20000000)
T4120 2221:702.652   ResetTarget() start
T4120 2221:702.661    J-Link Script File: Executing ResetTarget()
T4120 2221:703.885   CPU_ReadMem(4 bytes @ 0xE000EDFC)
T4120 2221:704.604   CPU_WriteMem(4 bytes @ 0xE000EDFC)
T4120 2221:705.410   CPU_WriteMem(4 bytes @ 0xE000ED0C)
T4120 2221:708.454   CPU_ReadMem(4 bytes @ 0xE000EDF0)
T4120 2221:710.118   CPU_ReadMem(4 bytes @ 0x41002100)
T4120 2221:711.096   CPU_WriteMem(4 bytes @ 0xE000EDFC)
T4120 2221:711.884   ResetTarget() end
T4120 2221:718.808   CPU_WriteMem(4 bytes @ 0xE0002000)
T4120 2221:719.958   CPU_ReadMem(4 bytes @ 0xE000EDFC)
T4120 2221:720.586   CPU_ReadMem(4 bytes @ 0xE0001000)
T4120 2221:721.449   CPU_WriteMem(4 bytes @ 0xE0001000)
T4120 2221:723.088 - 21.915ms
T2D80 2221:837.433 JLINK_IsHalted()
T2D80 2221:837.462 - 0.031ms returns TRUE
T2D9C 2221:963.855 JLINK_Halt()
T2D9C 2221:963.890 - 0.037ms returns 0x00
T2D9C 2221:963.909 JLINK_ReadReg(R15 (PC))
T2D9C 2221:963.916 - 0.009ms returns 0x00000664
T2D9C 2221:963.922 JLINK_ReadReg(R13 (SP))
T2D9C 2221:963.926 - 0.005ms returns 0x20000928
T2D9C 2221:966.477 JLINK_ReadMemHW(0x00000664, 0x0004 Bytes, ...)
T2D9C 2221:966.496   CPU_ReadMem(4 bytes @ 0x00000664)
T2D9C 2221:967.329   Data:  F8 B5 23 4A
T2D9C 2221:967.340 - 0.865ms returns 0
T2D9C 2221:967.479 JLINK_ReadReg(R0)
T2D9C 2221:967.487 - 0.009ms returns 0x00000000
T2D9C 2221:967.493 JLINK_ReadReg(R1)
T2D9C 2221:967.496 - 0.005ms returns 0x00000000
T2D9C 2221:967.502 JLINK_ReadReg(R2)
T2D9C 2221:967.505 - 0.004ms returns 0x00000000
T2D9C 2221:967.510 JLINK_ReadReg(R3)
T2D9C 2221:967.513 - 0.004ms returns 0x00005C00
T2D9C 2221:967.518 JLINK_ReadReg(R4)
T2D9C 2221:967.521 - 0.004ms returns 0x20000694
T2D9C 2221:967.526 JLINK_ReadReg(R5)
T2D9C 2221:967.530 - 0.004ms returns 0x200006B4
T2D9C 2221:967.534 JLINK_ReadReg(R6)
T2D9C 2221:967.537 - 0.004ms returns 0x200006B4
T2D9C 2221:967.542 JLINK_ReadReg(R7)
T2D9C 2221:967.545 - 0.004ms returns 0x0000000C
T2D9C 2221:967.550 JLINK_ReadReg(R8)
T2D9C 2221:967.554 - 0.004ms returns 0x1A2EEAF3
T2D9C 2221:967.558 JLINK_ReadReg(R9)
T2D9C 2221:967.562 - 0.004ms returns 0x2ACF6D77
T2D9C 2221:967.567 JLINK_ReadReg(R10)
T2D9C 2221:967.606 - 0.041ms returns 0x39AB4E5E
T2D9C 2221:967.613 JLINK_ReadReg(R11)
T2D9C 2221:967.616 - 0.004ms returns 0x2D477DD4
T2D9C 2221:967.621 JLINK_ReadReg(R12)
T2D9C 2221:967.624 - 0.004ms returns 0x20000618
T2D9C 2221:967.629 JLINK_ReadReg(R13 (SP))
T2D9C 2221:967.632 - 0.005ms returns 0x20000928
T2D9C 2221:967.637 JLINK_ReadReg(R14)
T2D9C 2221:967.641 - 0.004ms returns 0x20000341
T2D9C 2221:967.645 JLINK_ReadReg(R15 (PC))
T2D9C 2221:967.649 - 0.004ms returns 0x00000664
T2D9C 2221:967.659 JLINK_ReadReg(XPSR)
T2D9C 2221:967.663 - 0.004ms returns 0x61000000
T2D9C 2221:967.667 JLINK_ReadReg(MSP)
T2D9C 2221:967.671 - 0.004ms returns 0x20000928
T2D9C 2221:967.675 JLINK_ReadReg(PSP)
T2D9C 2221:967.679 - 0.004ms returns 0x7FF2CB2C
T2D9C 2221:967.683 JLINK_ReadReg(PRIMASK)
T2D9C 2221:967.687 - 0.004ms returns 0x00000000
T2D9C 2221:967.692 JLINK_ReadReg(BASEPRI)
T2D9C 2221:967.695 - 0.004ms returns 0x00000000
T2D9C 2221:967.700 JLINK_ReadReg(FAULTMASK)
T2D9C 2221:967.703 - 0.004ms returns 0x00000000
T2D9C 2221:967.708 JLINK_ReadReg(CONTROL)
T2D9C 2221:967.711 - 0.004ms returns 0x00000000
T2D9C 2221:967.884 JLINK_ReadMemHW(0x00000664, 0x0002 Bytes, ...)
T2D9C 2221:967.898   CPU_ReadMem(2 bytes @ 0x00000664)
T2D9C 2221:969.469   Data:  F8 B5
T2D9C 2221:969.478 - 1.595ms returns 0
T2D9C 2222:001.417 JLINK_ReadReg(R0)
T2D9C 2222:001.459 - 0.044ms returns 0x00000000
T2D9C 2222:001.473 JLINK_ReadReg(R1)
T2D9C 2222:001.477 - 0.005ms returns 0x00000000
T2D9C 2222:001.488 JLINK_ReadReg(R2)
T2D9C 2222:001.492 - 0.005ms returns 0x00000000
T2D9C 2222:001.498 JLINK_ReadReg(R3)
T2D9C 2222:001.502 - 0.005ms returns 0x00005C00
T2D9C 2222:001.508 JLINK_ReadReg(R4)
T2D9C 2222:001.512 - 0.005ms returns 0x20000694
T2D9C 2222:001.518 JLINK_ReadReg(R5)
T2D9C 2222:001.522 - 0.005ms returns 0x200006B4
T2D9C 2222:001.538 JLINK_ReadReg(R6)
T2D9C 2222:001.542 - 0.005ms returns 0x200006B4
T2D9C 2222:001.548 JLINK_ReadReg(R7)
T2D9C 2222:001.552 - 0.005ms returns 0x0000000C
T2D9C 2222:001.561 JLINK_ReadReg(R8)
T2D9C 2222:001.565 - 0.006ms returns 0x1A2EEAF3
T2D9C 2222:001.587 JLINK_ReadReg(R9)
T2D9C 2222:001.591 - 0.005ms returns 0x2ACF6D77
T2D9C 2222:001.597 JLINK_ReadReg(R10)
T2D9C 2222:001.601 - 0.005ms returns 0x39AB4E5E
T2D9C 2222:001.607 JLINK_ReadReg(R11)
T2D9C 2222:001.610 - 0.005ms returns 0x2D477DD4
T2D9C 2222:001.616 JLINK_ReadReg(R12)
T2D9C 2222:001.620 - 0.005ms returns 0x20000618
T2D9C 2222:001.626 JLINK_ReadReg(R13 (SP))
T2D9C 2222:001.630 - 0.006ms returns 0x20000928
T2D9C 2222:001.637 JLINK_ReadReg(R14)
T2D9C 2222:001.641 - 0.005ms returns 0x20000341
T2D9C 2222:001.646 JLINK_ReadReg(R15 (PC))
T2D9C 2222:001.650 - 0.006ms returns 0x00000664
T2D9C 2222:001.663 JLINK_ReadReg(XPSR)
T2D9C 2222:001.667 - 0.005ms returns 0x61000000
T2D9C 2222:001.673 JLINK_ReadReg(MSP)
T2D9C 2222:001.677 - 0.005ms returns 0x20000928
T2D9C 2222:001.682 JLINK_ReadReg(PSP)
T2D9C 2222:001.686 - 0.005ms returns 0x7FF2CB2C
T2D9C 2222:001.692 JLINK_ReadReg(PRIMASK)
T2D9C 2222:001.696 - 0.005ms returns 0x00000000
T2D9C 2222:001.702 JLINK_ReadReg(BASEPRI)
T2D9C 2222:001.706 - 0.005ms returns 0x00000000
T2D9C 2222:001.712 JLINK_ReadReg(FAULTMASK)
T2D9C 2222:001.716 - 0.005ms returns 0x00000000
T2D9C 2222:001.721 JLINK_ReadReg(CONTROL)
T2D9C 2222:001.725 - 0.005ms returns 0x00000000
T2D9C 2222:015.871 JLINK_ReadMemHW(0x00000664, 0x0004 Bytes, ...)
T2D9C 2222:015.894   CPU_ReadMem(4 bytes @ 0x00000664)
T2D9C 2222:017.481   Data:  F8 B5 23 4A
T2D9C 2222:017.489 - 1.620ms returns 0
T2D9C 2222:030.730 JLINK_SetResetType(JLINKARM_CM3_RESET_TYPE_NORMAL)
T2D9C 2222:030.744 - 0.017ms returns JLINKARM_CM3_RESET_TYPE_NORMAL
T2D9C 2222:030.752 JLINK_Reset()
T2D9C 2222:030.784   ResetTarget() start
T2D9C 2222:030.792    J-Link Script File: Executing ResetTarget()
T2D9C 2222:030.806   CPU_ReadMem(4 bytes @ 0xE000EDFC)
T2D9C 2222:031.483   CPU_WriteMem(4 bytes @ 0xE000EDFC)
T2D9C 2222:033.193   CPU_WriteMem(4 bytes @ 0xE000ED0C)
T2D9C 2222:035.464   CPU_ReadMem(4 bytes @ 0xE000EDF0)
T2D9C 2222:036.728   CPU_ReadMem(4 bytes @ 0x41002100)
T2D9C 2222:037.542   CPU_WriteMem(4 bytes @ 0xE000EDFC)
T2D9C 2222:038.303   ResetTarget() end
T2D9C 2222:045.050   CPU_WriteMem(4 bytes @ 0xE0002000)
T2D9C 2222:046.287   CPU_ReadMem(4 bytes @ 0xE000EDFC)
T2D9C 2222:047.361   CPU_ReadMem(4 bytes @ 0xE0001000)
T2D9C 2222:048.002   CPU_WriteMem(4 bytes @ 0xE0001000)
T2D9C 2222:049.516 - 18.767ms
T2D80 2222:049.605 JLINK_IsHalted()
T2D80 2222:049.616 - 0.012ms returns TRUE
T2D80 2222:049.622 JLINK_GetMOEs(...)
T2D80 2222:049.628   CPU_ReadMem(4 bytes @ 0xE000ED30)
T2D80 2222:050.295 - 0.680ms returns 0x01
T2D80 2222:050.308 JLINK_ReadReg(R15 (PC))
T2D80 2222:050.330 - 0.024ms returns 0x00000664
T2D9C 2222:060.081 JLINK_ReadReg(R15 (PC))
T2D9C 2222:060.087 - 0.007ms returns 0x00000664
T2D9C 2222:060.094 JLINK_ReadReg(R13 (SP))
T2D9C 2222:060.101 - 0.009ms returns 0x20000928
T2D9C 2222:060.430 JLINK_ReadMemHW(0x00000664, 0x0004 Bytes, ...)
T2D9C 2222:060.437   CPU_ReadMem(4 bytes @ 0x00000664)
T2D9C 2222:062.226   Data:  F8 B5 23 4A
T2D9C 2222:062.241 - 1.812ms returns 0
T2D9C 2222:078.919 JLINK_ReadReg(R0)
T2D9C 2222:078.957 - 0.040ms returns 0x00000000
T2D9C 2222:078.965 JLINK_ReadReg(R1)
T2D9C 2222:078.969 - 0.004ms returns 0x00000000
T2D9C 2222:078.993 JLINK_ReadReg(R2)
T2D9C 2222:078.999 - 0.007ms returns 0x00000000
T2D9C 2222:079.004 JLINK_ReadReg(R3)
T2D9C 2222:079.007 - 0.004ms returns 0x00005C00
T2D9C 2222:079.011 JLINK_ReadReg(R4)
T2D9C 2222:079.015 - 0.004ms returns 0x20000694
T2D9C 2222:079.019 JLINK_ReadReg(R5)
T2D9C 2222:079.022 - 0.004ms returns 0x200006B4
T2D9C 2222:079.028 JLINK_ReadReg(R6)
T2D9C 2222:079.035 - 0.008ms returns 0x200006B4
T2D9C 2222:079.048 JLINK_ReadReg(R7)
T2D9C 2222:079.051 - 0.004ms returns 0x0000000C
T2D9C 2222:079.056 JLINK_ReadReg(R8)
T2D9C 2222:079.059 - 0.004ms returns 0x1A2EEAF3
T2D9C 2222:079.064 JLINK_ReadReg(R9)
T2D9C 2222:079.067 - 0.004ms returns 0x2ACF6D77
T2D9C 2222:079.073 JLINK_ReadReg(R10)
T2D9C 2222:079.076 - 0.004ms returns 0x39AB4E5E
T2D9C 2222:079.081 JLINK_ReadReg(R11)
T2D9C 2222:079.084 - 0.004ms returns 0x2D477DD4
T2D9C 2222:079.089 JLINK_ReadReg(R12)
T2D9C 2222:079.092 - 0.004ms returns 0x20000618
T2D9C 2222:079.096 JLINK_ReadReg(R13 (SP))
T2D9C 2222:079.100 - 0.004ms returns 0x20000928
T2D9C 2222:079.104 JLINK_ReadReg(R14)
T2D9C 2222:079.109 - 0.006ms returns 0x20000341
T2D9C 2222:079.115 JLINK_ReadReg(R15 (PC))
T2D9C 2222:079.128 - 0.014ms returns 0x00000664
T2D9C 2222:079.139 JLINK_ReadReg(XPSR)
T2D9C 2222:079.142 - 0.005ms returns 0x61000000
T2D9C 2222:079.147 JLINK_ReadReg(MSP)
T2D9C 2222:079.150 - 0.004ms returns 0x20000928
T2D9C 2222:079.155 JLINK_ReadReg(PSP)
T2D9C 2222:079.158 - 0.004ms returns 0x7FF2CB2C
T2D9C 2222:079.163 JLINK_ReadReg(PRIMASK)
T2D9C 2222:079.166 - 0.004ms returns 0x00000000
T2D9C 2222:079.176 JLINK_ReadReg(BASEPRI)
T2D9C 2222:079.179 - 0.004ms returns 0x00000000
T2D9C 2222:079.184 JLINK_ReadReg(FAULTMASK)
T2D9C 2222:079.187 - 0.004ms returns 0x00000000
T2D9C 2222:079.191 JLINK_ReadReg(CONTROL)
T2D9C 2222:079.194 - 0.004ms returns 0x00000000
T2D9C 2222:079.437 JLINK_ReadMem(0x20000340, 0x4 Bytes, ...)
T2D9C 2222:079.458   CPU_ReadMem(64 bytes @ 0x20000340)
T2D9C 2222:081.718    -- Updating C cache (64 bytes @ 0x20000340)
T2D9C 2222:081.727    -- Read from C cache (4 bytes @ 0x20000340)
T2D9C 2222:081.732   Data:  01 BD 00 00
T2D9C 2222:081.737 - 2.301ms returns 0
T2D9C 2222:082.040 JLINK_ReadMem(0x200000EC, 0x2 Bytes, ...)
T2D9C 2222:082.050   CPU_ReadMem(64 bytes @ 0x200000C0)
T2D9C 2222:083.447    -- Updating C cache (64 bytes @ 0x200000C0)
T2D9C 2222:083.452    -- Read from C cache (2 bytes @ 0x200000EC)
T2D9C 2222:083.457   Data:  00 27
T2D9C 2222:083.461 - 1.422ms returns 0
T2D9C 2222:083.707 JLINK_ReadMem(0x200000EE, 0x2 Bytes, ...)
T2D9C 2222:083.719    -- Read from C cache (2 bytes @ 0x200000EE)
T2D9C 2222:083.724   Data:  10 2A
T2D9C 2222:083.729 - 0.023ms returns 0
T2D9C 2222:083.880 JLINK_ReadMem(0x200000F0, 0x2 Bytes, ...)
T2D9C 2222:083.888    -- Read from C cache (2 bytes @ 0x200000F0)
T2D9C 2222:083.898   Data:  1C D4
T2D9C 2222:083.903 - 0.024ms returns 0
T2D9C 2222:084.126 JLINK_ReadMem(0x20000340, 0x4 Bytes, ...)
T2D9C 2222:084.131    -- Read from C cache (4 bytes @ 0x20000340)
T2D9C 2222:084.136   Data:  01 BD 00 00
T2D9C 2222:084.141 - 0.016ms returns 0
T2D9C 2222:084.217 JLINK_ReadMem(0x200000EC, 0x2 Bytes, ...)
T2D9C 2222:084.223    -- Read from C cache (2 bytes @ 0x200000EC)
T2D9C 2222:084.228   Data:  00 27
T2D9C 2222:084.232 - 0.016ms returns 0
T2D9C 2222:084.315 JLINK_ReadMem(0x200000EE, 0x2 Bytes, ...)
T2D9C 2222:084.320    -- Read from C cache (2 bytes @ 0x200000EE)
T2D9C 2222:084.325   Data:  10 2A
T2D9C 2222:084.329 - 0.016ms returns 0
T2D9C 2222:084.397 JLINK_ReadMem(0x200000F0, 0x2 Bytes, ...)
T2D9C 2222:084.403    -- Read from C cache (2 bytes @ 0x200000F0)
T2D9C 2222:084.408   Data:  1C D4
T2D9C 2222:084.412 - 0.016ms returns 0
T2D9C 2222:125.858 JLINK_ReadMemHW(0x00002C90, 0x0001 Bytes, ...)
T2D9C 2222:125.885   CPU_ReadMem(1 bytes @ 0x00002C90)
T2D9C 2222:126.630   Data:  10
T2D9C 2222:126.637 - 0.780ms returns 0
T2D9C 2222:187.987 JLINK_ReadReg(R15 (PC))
T2D9C 2222:188.008 - 0.024ms returns 0x00000664
T2D9C 2222:188.093 JLINK_GetNumBPUnits(Type = 0xFFFFFF02)
T2D9C 2222:188.099 - 0.009ms returns 0x04
T2D9C 2222:188.122 JLINK_SetBPEx(Addr = 0x00002C90, Type = 0xFFFFFFF2)
T2D9C 2222:188.127 - 0.007ms returns 0x00000001
T2D9C 2222:188.131 JLINK_GetBPInfo(BPHandle = 1)
T2D9C 2222:188.135 - 0.004ms returns 0x0
T2D9C 2222:188.205 JLINK_Go()
T2D9C 2222:188.218   CPU_WriteMem(4 bytes @ 0xE0002000)
T2D9C 2222:188.891   CPU_ReadMem(4 bytes @ 0xE0001000)
T2D9C 2222:190.234   CPU_WriteMem(4 bytes @ 0xE000ED30)
T2D9C 2222:191.186   CPU_WriteMem(4 bytes @ 0xE0001000)
T2D9C 2222:191.192   CPU_WriteMem(4 bytes @ 0xE0002008)
T2D9C 2222:191.197   CPU_WriteMem(4 bytes @ 0xE000200C)
T2D9C 2222:191.202   CPU_WriteMem(4 bytes @ 0xE0002010)
T2D9C 2222:191.209   CPU_WriteMem(4 bytes @ 0xE0002014)
T2D9C 2222:194.371   CPU_WriteMem(4 bytes @ 0xE0001004)
T2D9C 2222:196.960 - 8.757ms
T2D80 2222:197.005 JLINK_IsHalted()
T2D80 2222:197.961   CPU_ReadMem(4 bytes @ 0x41002100)
T2D80 2222:198.629 - 1.631ms returns FALSE
T2D80 2222:218.977 JLINK_IsHalted()
T2D80 2222:226.149 - 7.181ms returns TRUE
T2D80 2222:226.164 JLINK_GetMOEs(...)
T2D80 2222:226.170   CPU_ReadMem(4 bytes @ 0xE000ED30)
T2D80 2222:226.787 - 0.625ms returns 0x01
T2D80 2222:226.792 JLINK_ReadReg(R15 (PC))
T2D80 2222:226.797 - 0.006ms returns 0x00002C90
T2D9C 2222:228.830 JLINK_ReadReg(R15 (PC))
T2D9C 2222:228.839 - 0.010ms returns 0x00002C90
T2D9C 2222:228.846 JLINK_ReadReg(R13 (SP))
T2D9C 2222:228.849 - 0.005ms returns 0x20000910
T2D9C 2222:229.045 JLINK_ReadMemHW(0x00002C90, 0x0004 Bytes, ...)
T2D9C 2222:229.053   CPU_ReadMem(4 bytes @ 0x00002C90)
T2D9C 2222:229.773   Data:  10 B5 02 4B
T2D9C 2222:229.788 - 0.743ms returns 0
T2D9C 2222:297.132 JLINK_WriteU32_64(0xE000EDFC, 0x01000000)
T2D9C 2222:297.157   Debug reg: DEMCR
T2D9C 2222:297.473   CPU_WriteMem(4 bytes @ 0xE000EDFC)
T2D9C 2222:299.073 - 1.952ms returns 0 (0x00000000)
T2D9C 2222:299.093 JLINK_ReadMem(0xE0001000, 0x4 Bytes, ...)
T2D9C 2222:299.103   CPU_ReadMem(4 bytes @ 0xE0001000)
T2D9C 2222:299.791   Data:  00 00 00 20
T2D9C 2222:299.797   Debug reg: DWT_CTRL
T2D9C 2222:299.801 - 0.709ms returns 0
T2D9C 2222:299.828 JLINK_WriteU32_64(0xE0001000, 0x20000001)
T2D9C 2222:299.832   Debug reg: DWT_CTRL
T2D9C 2222:299.841 - 0.014ms returns 0 (0x00000000)
T2D9C 2222:299.851 JLINK_WriteU32_64(0xE0001028, 0x00000100)
T2D9C 2222:299.855   Debug reg: DWT_FUNC[0]
T2D9C 2222:299.860 - 0.011ms returns 0 (0x00000000)
T2D9C 2222:299.865 JLINK_ReadMem(0xE0001028, 0x4 Bytes, ...)
T2D9C 2222:299.869   CPU_WriteMem(4 bytes @ 0xE0001028)
T2D9C 2222:300.608   CPU_ReadMem(4 bytes @ 0xE0001028)
T2D9C 2222:302.301   Data:  00 00 00 00
T2D9C 2222:302.306   Debug reg: DWT_FUNC[0]
T2D9C 2222:302.310 - 2.447ms returns 0
T2D9C 2222:302.326 JLINK_WriteU32_64(0xE0001024, 0x0000001F)
T2D9C 2222:302.332   Debug reg: DWT_MASK[0]
T2D9C 2222:302.340 - 0.016ms returns 0 (0x00000000)
T2D9C 2222:302.345 JLINK_ReadMem(0xE0001024, 0x4 Bytes, ...)
T2D9C 2222:302.349   CPU_WriteMem(4 bytes @ 0xE0001024)
T2D9C 2222:303.231   CPU_ReadMem(4 bytes @ 0xE0001024)
T2D9C 2222:304.033   Data:  1F 00 00 00
T2D9C 2222:304.038   Debug reg: DWT_MASK[0]
T2D9C 2222:304.042 - 1.698ms returns 0
T2D9C 2222:304.060 JLINK_WriteU32_64(0xE0001038, 0x00000100)
T2D9C 2222:304.064   Debug reg: DWT_FUNC[1]
T2D9C 2222:304.070 - 0.011ms returns 0 (0x00000000)
T2D9C 2222:304.074 JLINK_ReadMem(0xE0001038, 0x4 Bytes, ...)
T2D9C 2222:304.078   CPU_WriteMem(4 bytes @ 0xE0001038)
T2D9C 2222:305.492   CPU_ReadMem(4 bytes @ 0xE0001038)
T2D9C 2222:306.292   Data:  00 00 00 00
T2D9C 2222:306.297   Debug reg: DWT_FUNC[1]
T2D9C 2222:306.301 - 2.228ms returns 0
T2D9C 2222:306.318 JLINK_WriteU32_64(0xE0001034, 0x0000001F)
T2D9C 2222:306.321   Debug reg: DWT_MASK[1]
T2D9C 2222:306.327 - 0.010ms returns 0 (0x00000000)
T2D9C 2222:306.331 JLINK_ReadMem(0xE0001034, 0x4 Bytes, ...)
T2D9C 2222:306.335   CPU_WriteMem(4 bytes @ 0xE0001034)
T2D9C 2222:307.029   CPU_ReadMem(4 bytes @ 0xE0001034)
T2D9C 2222:308.708   Data:  1F 00 00 00
T2D9C 2222:308.714   Debug reg: DWT_MASK[1]
T2D9C 2222:308.718 - 2.388ms returns 0
T2D9C 2222:308.754 JLINK_WriteU32_64(0xE0001020, 0x00000000)
T2D9C 2222:308.758   Debug reg: DWT_COMP[0]
T2D9C 2222:308.764 - 0.011ms returns 0 (0x00000000)
T2D9C 2222:308.774 JLINK_WriteU32_64(0xE0001024, 0x00000000)
T2D9C 2222:308.777   Debug reg: DWT_MASK[0]
T2D9C 2222:308.783 - 0.010ms returns 0 (0x00000000)
T2D9C 2222:308.791 JLINK_WriteU32_64(0xE0001028, 0x00000000)
T2D9C 2222:308.795   Debug reg: DWT_FUNC[0]
T2D9C 2222:308.800 - 0.010ms returns 0 (0x00000000)
T2D9C 2222:308.807 JLINK_WriteU32_64(0xE0001030, 0x00000000)
T2D9C 2222:308.811   Debug reg: DWT_COMP[1]
T2D9C 2222:308.816 - 0.010ms returns 0 (0x00000000)
T2D9C 2222:308.824 JLINK_WriteU32_64(0xE0001034, 0x00000000)
T2D9C 2222:308.828   Debug reg: DWT_MASK[1]
T2D9C 2222:308.833 - 0.010ms returns 0 (0x00000000)
T2D9C 2222:308.841 JLINK_WriteU32_64(0xE0001038, 0x00000000)
T2D9C 2222:308.844   Debug reg: DWT_FUNC[1]
T2D9C 2222:308.850 - 0.010ms returns 0 (0x00000000)
T2D9C 2222:308.855 JLINK_GetBPInfo(BPHandle = 1)
T2D9C 2222:308.858 - 0.004ms returns 0x0
T2D9C 2222:308.862 JLINK_ClrBPEx(BPHandle = 0x00000001)
T2D9C 2222:308.866 - 0.005ms returns 0x00
T2D9C 2222:308.885 JLINK_ReadReg(R15 (PC))
T2D9C 2222:308.890 - 0.006ms returns 0x00002C90
T2D9C 2222:308.968 JLINK_Go()
T2D9C 2222:308.978   CPU_WriteMem(4 bytes @ 0xE0001000)
T2D9C 2222:309.665   CPU_ReadMem(4 bytes @ 0xE0001000)
T2D9C 2222:310.435   CPU_WriteMem(4 bytes @ 0xE000ED30)
T2D9C 2222:311.849   CPU_WriteMem(4 bytes @ 0xE0001000)
T2D9C 2222:311.855   CPU_WriteMem(4 bytes @ 0xE0001020)
T2D9C 2222:311.860   CPU_WriteMem(4 bytes @ 0xE0001030)
T2D9C 2222:311.864   CPU_WriteMem(4 bytes @ 0xE0001024)
T2D9C 2222:311.869   CPU_WriteMem(4 bytes @ 0xE0001034)
T2D9C 2222:311.874   CPU_WriteMem(4 bytes @ 0xE0001028)
T2D9C 2222:311.880   CPU_WriteMem(4 bytes @ 0xE0001038)
T2D9C 2222:311.885   CPU_WriteMem(4 bytes @ 0xE0002008)
T2D9C 2222:318.296 - 9.341ms
T2D80 2222:318.340 JLINK_IsHalted()
T2D80 2222:318.943   CPU_ReadMem(4 bytes @ 0x41002100)
T2D80 2222:319.706 - 1.369ms returns FALSE
T2D80 2222:361.102 JLINK_IsHalted()
T2D80 2222:363.055   CPU_ReadMem(4 bytes @ 0x41002100)
T2D80 2222:363.654 - 2.562ms returns FALSE
T2D80 2222:523.363 JLINK_IsHalted()
T2D80 2222:524.348   CPU_ReadMem(4 bytes @ 0x41002100)
T2D80 2222:525.046 - 1.700ms returns FALSE
T2D80 2222:725.973 JLINK_IsHalted()
T2D80 2222:727.844   CPU_ReadMem(4 bytes @ 0x41002100)
T2D80 2222:728.710 - 2.740ms returns FALSE
T2D80 2222:928.030 JLINK_IsHalted()
T2D80 2222:929.564   CPU_ReadMem(4 bytes @ 0x41002100)
T2D80 2222:930.489 - 2.465ms returns FALSE
T2D80 2223:130.952 JLINK_IsHalted()
T2D80 2223:131.886   CPU_ReadMem(4 bytes @ 0x41002100)
T2D80 2223:132.579 - 1.636ms returns FALSE
T2D80 2223:332.716 JLINK_IsHalted()
T2D80 2223:333.741   CPU_ReadMem(4 bytes @ 0x41002100)
T2D80 2223:334.428 - 1.720ms returns FALSE
T2D80 2223:534.384 JLINK_IsHalted()
T2D80 2223:535.381   CPU_ReadMem(4 bytes @ 0x41002100)
T2D80 2223:536.035 - 1.658ms returns FALSE
T2D80 2223:736.097 JLINK_IsHalted()
T2D80 2223:736.855   CPU_ReadMem(4 bytes @ 0x41002100)
T2D80 2223:737.606 - 1.516ms returns FALSE
T2D80 2223:938.096 JLINK_IsHalted()
T2D80 2223:939.240   CPU_ReadMem(4 bytes @ 0x41002100)
T2D80 2223:940.686 - 2.595ms returns FALSE
T2D80 2224:140.223 JLINK_IsHalted()
T2D80 2224:141.077   CPU_ReadMem(4 bytes @ 0x41002100)
T2D80 2224:142.293 - 2.076ms returns FALSE
T2D80 2224:342.969 JLINK_IsHalted()
T2D80 2224:344.149   CPU_ReadMem(4 bytes @ 0x41002100)
T2D80 2224:345.198 - 2.234ms returns FALSE
T2D80 2224:545.252 JLINK_IsHalted()
T2D80 2224:546.091   CPU_ReadMem(4 bytes @ 0x41002100)
T2D80 2224:547.120 - 1.877ms returns FALSE
T2D80 2224:747.208 JLINK_IsHalted()
T2D80 2224:748.178   CPU_ReadMem(4 bytes @ 0x41002100)
T2D80 2224:748.997 - 1.797ms returns FALSE
T2D80 2224:950.039 JLINK_IsHalted()
T2D80 2224:951.888   CPU_ReadMem(4 bytes @ 0x41002100)
T2D80 2224:952.802 - 2.765ms returns FALSE
T2D80 2225:152.603 JLINK_IsHalted()
T2D80 2225:153.527   CPU_ReadMem(4 bytes @ 0x41002100)
T2D80 2225:154.304 - 1.709ms returns FALSE
T2D80 2225:354.719 JLINK_IsHalted()
T2D80 2225:355.413   CPU_ReadMem(4 bytes @ 0x41002100)
T2D80 2225:356.157 - 1.447ms returns FALSE
T2D80 2225:556.919 JLINK_IsHalted()
T2D80 2225:557.743   CPU_ReadMem(4 bytes @ 0x41002100)
T2D80 2225:558.474 - 1.561ms returns FALSE
T2D80 2225:758.165 JLINK_IsHalted()
T2D80 2225:758.867   CPU_ReadMem(4 bytes @ 0x41002100)
T2D80 2225:759.564 - 1.401ms returns FALSE
T2D80 2225:960.031 JLINK_IsHalted()
T2D80 2225:960.906   CPU_ReadMem(4 bytes @ 0x41002100)
T2D80 2225:962.878 - 2.852ms returns FALSE
T2D80 2226:162.552 JLINK_IsHalted()
T2D80 2226:163.506   CPU_ReadMem(4 bytes @ 0x41002100)
T2D80 2226:164.697 - 2.154ms returns FALSE
T2D80 2226:364.614 JLINK_IsHalted()
T2D80 2226:366.387   CPU_ReadMem(4 bytes @ 0x41002100)
T2D80 2226:367.276 - 2.669ms returns FALSE
T2D80 2226:567.870 JLINK_IsHalted()
T2D80 2226:568.968   CPU_ReadMem(4 bytes @ 0x41002100)
T2D80 2226:569.959 - 2.105ms returns FALSE
T2D80 2226:769.693 JLINK_IsHalted()
T2D80 2226:770.649   CPU_ReadMem(4 bytes @ 0x41002100)
T2D80 2226:771.399 - 1.714ms returns FALSE
T2D80 2226:971.675 JLINK_IsHalted()
T2D80 2226:972.686   CPU_ReadMem(4 bytes @ 0x41002100)
T2D80 2226:974.377 - 2.711ms returns FALSE
T2D80 2227:175.420 JLINK_IsHalted()
T2D80 2227:176.324   CPU_ReadMem(4 bytes @ 0x41002100)
T2D80 2227:177.042 - 1.625ms returns FALSE
T2D80 2227:377.404 JLINK_IsHalted()
T2D80 2227:378.311   CPU_ReadMem(4 bytes @ 0x41002100)
T2D80 2227:379.389 - 1.994ms returns FALSE
T2D80 2227:579.247 JLINK_IsHalted()
T2D80 2227:580.127   CPU_ReadMem(4 bytes @ 0x41002100)
T2D80 2227:580.785 - 1.540ms returns FALSE
T2D80 2227:781.152 JLINK_IsHalted()
T2D80 2227:781.938   CPU_ReadMem(4 bytes @ 0x41002100)
T2D80 2227:782.733 - 1.587ms returns FALSE
T2D80 2227:983.395 JLINK_IsHalted()
T2D80 2227:984.402   CPU_ReadMem(4 bytes @ 0x41002100)
T2D80 2227:985.624 - 2.234ms returns FALSE
T2D80 2228:185.541 JLINK_IsHalted()
T2D80 2228:187.204   CPU_ReadMem(4 bytes @ 0x41002100)
T2D80 2228:187.930 - 2.395ms returns FALSE
T2D80 2228:387.926 JLINK_IsHalted()
T2D80 2228:388.860   CPU_ReadMem(4 bytes @ 0x41002100)
T2D80 2228:389.575 - 1.656ms returns FALSE
T2D80 2228:590.199 JLINK_IsHalted()
T2D80 2228:591.290   CPU_ReadMem(4 bytes @ 0x41002100)
T2D80 2228:592.245 - 2.053ms returns FALSE
T2D80 2228:792.534 JLINK_IsHalted()
T2D80 2228:793.320   CPU_ReadMem(4 bytes @ 0x41002100)
T2D80 2228:794.061 - 1.544ms returns FALSE
T2D80 2228:993.942 JLINK_IsHalted()
T2D80 2228:994.999   CPU_ReadMem(4 bytes @ 0x41002100)
T2D80 2228:996.794 - 2.858ms returns FALSE
T2D80 2229:196.834 JLINK_IsHalted()
T2D80 2229:198.404   CPU_ReadMem(4 bytes @ 0x41002100)
T2D80 2229:199.415 - 2.590ms returns FALSE
T2D80 2229:399.095 JLINK_IsHalted()
T2D80 2229:400.248   CPU_ReadMem(4 bytes @ 0x41002100)
T2D80 2229:401.011 - 1.924ms returns FALSE
T2D80 2229:602.307 JLINK_IsHalted()
T2D80 2229:603.268   CPU_ReadMem(4 bytes @ 0x41002100)
T2D80 2229:604.729 - 2.425ms returns FALSE
T2D80 2229:804.222 JLINK_IsHalted()
T2D80 2229:805.108   CPU_ReadMem(4 bytes @ 0x41002100)
T2D80 2229:806.407 - 2.192ms returns FALSE
T2D80 2230:007.144 JLINK_IsHalted()
T2D80 2230:008.255   CPU_ReadMem(4 bytes @ 0x41002100)
T2D80 2230:009.321 - 2.183ms returns FALSE
T2D80 2230:209.191 JLINK_IsHalted()
T2D80 2230:210.181   CPU_ReadMem(4 bytes @ 0x41002100)
T2D80 2230:211.272 - 2.087ms returns FALSE
T2D80 2230:413.466 JLINK_IsHalted()
T2D80 2230:414.434   CPU_ReadMem(4 bytes @ 0x41002100)
T2D80 2230:415.268 - 1.813ms returns FALSE
T2D80 2230:615.148 JLINK_IsHalted()
T2D80 2230:616.118   CPU_ReadMem(4 bytes @ 0x41002100)
T2D80 2230:616.758 - 1.616ms returns FALSE
T2D80 2230:817.075 JLINK_IsHalted()
T2D80 2230:817.954   CPU_ReadMem(4 bytes @ 0x41002100)
T2D80 2230:818.693 - 1.620ms returns FALSE
T2D80 2231:019.008 JLINK_IsHalted()
T2D80 2231:019.932   CPU_ReadMem(4 bytes @ 0x41002100)
T2D80 2231:021.039 - 2.040ms returns FALSE
T2D80 2231:221.730 JLINK_IsHalted()
T2D80 2231:223.847   CPU_ReadMem(4 bytes @ 0x41002100)
T2D80 2231:224.796 - 3.072ms returns FALSE
T2D80 2231:425.041 JLINK_IsHalted()
T2D80 2231:426.034   CPU_ReadMem(4 bytes @ 0x41002100)
T2D80 2231:427.057 - 2.022ms returns FALSE
T2D80 2231:627.070 JLINK_IsHalted()
T2D80 2231:628.368   CPU_ReadMem(4 bytes @ 0x41002100)
T2D80 2231:630.249 - 3.192ms returns FALSE
T2D80 2231:831.461 JLINK_IsHalted()
T2D80 2231:832.344   CPU_ReadMem(4 bytes @ 0x41002100)
T2D80 2231:833.418 - 1.964ms returns FALSE
T2D80 2232:033.459 JLINK_IsHalted()
T2D80 2232:034.574   CPU_ReadMem(4 bytes @ 0x41002100)
T2D80 2232:035.297 - 1.849ms returns FALSE
T2D80 2232:235.390 JLINK_IsHalted()
T2D80 2232:236.464   CPU_ReadMem(4 bytes @ 0x41002100)
T2D80 2232:238.446 - 3.067ms returns FALSE
T2D80 2232:439.011 JLINK_IsHalted()
T2D80 2232:440.118   CPU_ReadMem(4 bytes @ 0x41002100)
T2D80 2232:440.995 - 1.990ms returns FALSE
T2D80 2232:641.493 JLINK_IsHalted()
T2D80 2232:642.649   CPU_ReadMem(4 bytes @ 0x41002100)
T2D80 2232:644.589 - 3.117ms returns FALSE
T2D80 2232:844.625 JLINK_IsHalted()
T2D80 2232:846.417   CPU_ReadMem(4 bytes @ 0x41002100)
T2D80 2232:847.267 - 2.644ms returns FALSE
T2D80 2233:048.055 JLINK_IsHalted()
T2D80 2233:048.934   CPU_ReadMem(4 bytes @ 0x41002100)
T2D80 2233:049.694 - 1.646ms returns FALSE
T2D80 2233:249.059 JLINK_IsHalted()
T2D80 2233:250.078   CPU_ReadMem(4 bytes @ 0x41002100)
T2D80 2233:250.692 - 1.639ms returns FALSE
T2D80 2233:451.092 JLINK_IsHalted()
T2D80 2233:452.029   CPU_ReadMem(4 bytes @ 0x41002100)
T2D80 2233:453.112 - 2.033ms returns FALSE
T2D80 2233:654.067 JLINK_IsHalted()
T2D80 2233:655.945   CPU_ReadMem(4 bytes @ 0x41002100)
T2D80 2233:656.856 - 2.796ms returns FALSE
T2D80 2233:857.357 JLINK_IsHalted()
T2D80 2233:858.436   CPU_ReadMem(4 bytes @ 0x41002100)
T2D80 2233:859.533 - 2.184ms returns FALSE
T2D80 2234:061.278 JLINK_IsHalted()
T2D80 2234:062.589   CPU_ReadMem(4 bytes @ 0x41002100)
T2D80 2234:063.848 - 2.587ms returns FALSE
T2D80 2234:263.543 JLINK_IsHalted()
T2D80 2234:264.517   CPU_ReadMem(4 bytes @ 0x41002100)
T2D80 2234:265.512 - 1.989ms returns FALSE
T2D80 2234:467.270 JLINK_IsHalted()
T2D80 2234:468.931   CPU_ReadMem(4 bytes @ 0x41002100)
T2D80 2234:469.760 - 2.502ms returns FALSE
T2D80 2234:669.789 JLINK_IsHalted()
T2D80 2234:670.922   CPU_ReadMem(4 bytes @ 0x41002100)
T2D80 2234:672.008 - 2.226ms returns FALSE
T2D80 2234:872.377 JLINK_IsHalted()
T2D80 2234:873.529   CPU_ReadMem(4 bytes @ 0x41002100)
T2D80 2234:875.324 - 2.954ms returns FALSE
T2D80 2235:075.659 JLINK_IsHalted()
T2D80 2235:076.917   CPU_ReadMem(4 bytes @ 0x41002100)
T2D80 2235:078.071 - 2.419ms returns FALSE
T2D80 2235:278.696 JLINK_IsHalted()
T2D80 2235:279.798   CPU_ReadMem(4 bytes @ 0x41002100)
T2D80 2235:281.472 - 2.794ms returns FALSE
T2D80 2235:482.086 JLINK_IsHalted()
T2D80 2235:483.343   CPU_ReadMem(4 bytes @ 0x41002100)
T2D80 2235:484.445 - 2.365ms returns FALSE
T2D80 2235:684.616 JLINK_IsHalted()
T2D80 2235:685.444   CPU_ReadMem(4 bytes @ 0x41002100)
T2D80 2235:686.197 - 1.585ms returns FALSE
T2D80 2235:887.101 JLINK_IsHalted()
T2D80 2235:888.244   CPU_ReadMem(4 bytes @ 0x41002100)
T2D80 2235:889.752 - 2.658ms returns FALSE
T2D80 2236:089.151 JLINK_IsHalted()
T2D80 2236:090.153   CPU_ReadMem(4 bytes @ 0x41002100)
T2D80 2236:091.398 - 2.253ms returns FALSE
T2D80 2236:291.179 JLINK_IsHalted()
T2D80 2236:292.877   CPU_ReadMem(4 bytes @ 0x41002100)
T2D80 2236:293.928 - 2.758ms returns FALSE
T2D80 2236:494.459 JLINK_IsHalted()
T2D80 2236:495.456   CPU_ReadMem(4 bytes @ 0x41002100)
T2D80 2236:496.533 - 11.168ms returns FALSE
T2D80 2236:706.956 JLINK_IsHalted()
T2D80 2236:708.883   CPU_ReadMem(4 bytes @ 0x41002100)
T2D80 2236:709.815 - 2.871ms returns FALSE
T2D80 2236:909.586 JLINK_IsHalted()
T2D80 2236:910.612   CPU_ReadMem(4 bytes @ 0x41002100)
T2D80 2236:911.712 - 2.140ms returns FALSE
T2D80 2237:112.012 JLINK_IsHalted()
T2D80 2237:112.819   CPU_ReadMem(4 bytes @ 0x41002100)
T2D80 2237:113.545 - 1.540ms returns FALSE
T2D80 2237:314.047 JLINK_IsHalted()
T2D80 2237:315.083   CPU_ReadMem(4 bytes @ 0x41002100)
T2D80 2237:316.718 - 2.680ms returns FALSE
T2D80 2237:517.289 JLINK_IsHalted()
T2D80 2237:518.544   CPU_ReadMem(4 bytes @ 0x41002100)
T2D80 2237:519.498 - 2.211ms returns FALSE
T2D80 2237:719.933 JLINK_IsHalted()
T2D80 2237:720.815   CPU_ReadMem(4 bytes @ 0x41002100)
T2D80 2237:721.961 - 2.035ms returns FALSE
T2D80 2237:922.887 JLINK_IsHalted()
T2D80 2237:924.761   CPU_ReadMem(4 bytes @ 0x41002100)
T2D80 2237:925.596 - 2.715ms returns FALSE
T2D80 2238:126.051 JLINK_IsHalted()
T2D80 2238:127.177   CPU_ReadMem(4 bytes @ 0x41002100)
T2D80 2238:128.319 - 2.276ms returns FALSE
T2D80 2238:329.033 JLINK_IsHalted()
T2D80 2238:329.693   CPU_ReadMem(4 bytes @ 0x41002100)
T2D80 2238:331.391 - 2.361ms returns FALSE
T2D80 2238:533.782 JLINK_IsHalted()
T2D80 2238:534.658   CPU_ReadMem(4 bytes @ 0x41002100)
T2D80 2238:536.173 - 2.398ms returns FALSE
T2D80 2238:736.296 JLINK_IsHalted()
T2D80 2238:737.720   CPU_ReadMem(4 bytes @ 0x41002100)
T2D80 2238:738.824 - 2.547ms returns FALSE
T2D80 2238:937.998 JLINK_IsHalted()
T2D80 2238:939.409   CPU_ReadMem(4 bytes @ 0x41002100)
T2D80 2238:940.269 - 2.274ms returns FALSE
T2D80 2239:140.440 JLINK_IsHalted()
T2D80 2239:141.579   CPU_ReadMem(4 bytes @ 0x41002100)
T2D80 2239:142.667 - 2.236ms returns FALSE
T2D80 2239:343.156 JLINK_IsHalted()
T2D80 2239:344.115   CPU_ReadMem(4 bytes @ 0x41002100)
T2D80 2239:345.639 - 2.494ms returns FALSE
T2D80 2239:545.772 JLINK_IsHalted()
T2D80 2239:547.387   CPU_ReadMem(4 bytes @ 0x41002100)
T2D80 2239:548.395 - 2.633ms returns FALSE
T2D80 2239:748.165 JLINK_IsHalted()
T2D80 2239:749.068   CPU_ReadMem(4 bytes @ 0x41002100)
T2D80 2239:749.741 - 1.582ms returns FALSE
T2D80 2239:949.354 JLINK_IsHalted()
T2D80 2239:950.522   CPU_ReadMem(4 bytes @ 0x41002100)
T2D80 2239:951.219 - 1.877ms returns FALSE
T2D80 2240:151.221 JLINK_IsHalted()
T2D80 2240:152.248   CPU_ReadMem(4 bytes @ 0x41002100)
T2D80 2240:153.413 - 2.205ms returns FALSE
T2D80 2240:354.152 JLINK_IsHalted()
T2D80 2240:355.154   CPU_ReadMem(4 bytes @ 0x41002100)
T2D80 2240:356.922 - 2.782ms returns FALSE
T2D80 2240:556.942 JLINK_IsHalted()
T2D80 2240:558.589   CPU_ReadMem(4 bytes @ 0x41002100)
T2D80 2240:559.599 - 2.664ms returns FALSE
T2D80 2240:758.982 JLINK_IsHalted()
T2D80 2240:760.167   CPU_ReadMem(4 bytes @ 0x41002100)
T2D80 2240:761.171 - 2.191ms returns FALSE
T2D80 2240:961.684 JLINK_IsHalted()
T2D80 2240:962.782   CPU_ReadMem(4 bytes @ 0x41002100)
T2D80 2240:963.868 - 2.203ms returns FALSE
T2D80 2241:164.410 JLINK_IsHalted()
T2D80 2241:165.343   CPU_ReadMem(4 bytes @ 0x41002100)
T2D80 2241:166.519 - 2.117ms returns FALSE
T2D80 2241:365.774 JLINK_IsHalted()
T2D80 2241:366.909   CPU_ReadMem(4 bytes @ 0x41002100)
T2D80 2241:368.264 - 2.502ms returns FALSE
T2D80 2241:568.036 JLINK_IsHalted()
T2D80 2241:569.853   CPU_ReadMem(4 bytes @ 0x41002100)
T2D80 2241:570.711 - 2.694ms returns FALSE
T2D80 2241:770.444 JLINK_IsHalted()
T2D80 2241:771.453   CPU_ReadMem(4 bytes @ 0x41002100)
T2D80 2241:772.485 - 2.044ms returns FALSE
T2D80 2241:973.261 JLINK_IsHalted()
T2D80 2241:974.097   CPU_ReadMem(4 bytes @ 0x41002100)
T2D80 2241:974.904 - 1.649ms returns FALSE
T2D80 2242:176.061 JLINK_IsHalted()
T2D80 2242:177.785   CPU_ReadMem(4 bytes @ 0x41002100)
T2D80 2242:178.507 - 2.452ms returns FALSE
T2D80 2242:378.797 JLINK_IsHalted()
T2D80 2242:379.738   CPU_ReadMem(4 bytes @ 0x41002100)
T2D80 2242:380.452 - 1.662ms returns FALSE
T2D80 2242:580.036 JLINK_IsHalted()
T2D80 2242:581.019   CPU_ReadMem(4 bytes @ 0x41002100)
T2D80 2242:582.015 - 1.989ms returns FALSE
T2D80 2242:782.732 JLINK_IsHalted()
T2D80 2242:783.509   CPU_ReadMem(4 bytes @ 0x41002100)
T2D80 2242:784.266 - 1.542ms returns FALSE
T2D80 2242:985.163 JLINK_IsHalted()
T2D80 2242:986.274   CPU_ReadMem(4 bytes @ 0x41002100)
T2D80 2242:987.478 - 2.321ms returns FALSE
T2D80 2243:187.279 JLINK_IsHalted()
T2D80 2243:188.958   CPU_ReadMem(4 bytes @ 0x41002100)
T2D80 2243:189.879 - 2.601ms returns FALSE
T2D80 2243:391.737 JLINK_IsHalted()
T2D80 2243:393.598   CPU_ReadMem(4 bytes @ 0x41002100)
T2D80 2243:394.351 - 2.624ms returns FALSE
T2D80 2243:594.649 JLINK_IsHalted()
T2D80 2243:595.700   CPU_ReadMem(4 bytes @ 0x41002100)
T2D80 2243:596.681 - 2.041ms returns FALSE
T2D80 2243:796.381 JLINK_IsHalted()
T2D80 2243:797.108   CPU_ReadMem(4 bytes @ 0x41002100)
T2D80 2243:797.809 - 1.434ms returns FALSE
T2D80 2243:997.939 JLINK_IsHalted()
T2D80 2243:998.639   CPU_ReadMem(4 bytes @ 0x41002100)
T2D80 2243:999.427 - 1.490ms returns FALSE
T2D80 2244:200.456 JLINK_IsHalted()
T2D80 2244:201.433   CPU_ReadMem(4 bytes @ 0x41002100)
T2D80 2244:203.423 - 2.974ms returns FALSE
T2D80 2244:404.265 JLINK_IsHalted()
T2D80 2244:405.078   CPU_ReadMem(4 bytes @ 0x41002100)
T2D80 2244:405.750 - 1.492ms returns FALSE
T2D80 2244:606.030 JLINK_IsHalted()
T2D80 2244:606.863   CPU_ReadMem(4 bytes @ 0x41002100)
T2D80 2244:607.596 - 1.568ms returns FALSE
T2D80 2244:807.965 JLINK_IsHalted()
T2D80 2244:808.791   CPU_ReadMem(4 bytes @ 0x41002100)
T2D80 2244:809.592 - 1.636ms returns FALSE
T2D80 2245:012.580 JLINK_IsHalted()
T2D80 2245:013.763   CPU_ReadMem(4 bytes @ 0x41002100)
T2D80 2245:014.405 - 1.828ms returns FALSE
T2D80 2245:214.382 JLINK_IsHalted()
T2D80 2245:215.255   CPU_ReadMem(4 bytes @ 0x41002100)
T2D80 2245:216.019 - 1.644ms returns FALSE
T2D80 2245:416.218 JLINK_IsHalted()
T2D80 2245:417.227   CPU_ReadMem(4 bytes @ 0x41002100)
T2D80 2245:417.917 - 1.705ms returns FALSE
T2D80 2245:617.880 JLINK_IsHalted()
T2D80 2245:618.775   CPU_ReadMem(4 bytes @ 0x41002100)
T2D80 2245:619.768 - 1.895ms returns FALSE
T2D80 2245:820.293 JLINK_IsHalted()
T2D80 2245:821.226   CPU_ReadMem(4 bytes @ 0x41002100)
T2D80 2245:822.615 - 2.324ms returns FALSE
T2D80 2246:023.068 JLINK_IsHalted()
T2D80 2246:024.280   CPU_ReadMem(4 bytes @ 0x41002100)
T2D80 2246:025.169 - 2.108ms returns FALSE
T2D80 2246:225.237 JLINK_IsHalted()
T2D80 2246:226.333   CPU_ReadMem(4 bytes @ 0x41002100)
T2D80 2246:227.395 - 2.165ms returns FALSE
T2D80 2246:427.887 JLINK_IsHalted()
T2D80 2246:428.926   CPU_ReadMem(4 bytes @ 0x41002100)
T2D80 2246:430.538 - 2.652ms returns FALSE
T2D80 2246:629.973 JLINK_IsHalted()
T2D80 2246:630.798   CPU_ReadMem(4 bytes @ 0x41002100)
T2D80 2246:632.237 - 2.265ms returns FALSE
T2D80 2246:834.813 JLINK_IsHalted()
T2D80 2246:835.694   CPU_ReadMem(4 bytes @ 0x41002100)
T2D80 2246:837.037 - 2.236ms returns FALSE
T2D80 2247:036.316 JLINK_IsHalted()
T2D80 2247:037.256   CPU_ReadMem(4 bytes @ 0x41002100)
T2D80 2247:038.723 - 2.410ms returns FALSE
T2D80 2247:238.946 JLINK_IsHalted()
T2D80 2247:240.405   CPU_ReadMem(4 bytes @ 0x41002100)
T2D80 2247:241.411 - 2.473ms returns FALSE
T2D80 2247:442.118 JLINK_IsHalted()
T2D80 2247:443.214   CPU_ReadMem(4 bytes @ 0x41002100)
T2D80 2247:445.055 - 2.955ms returns FALSE
T2D80 2247:645.567 JLINK_IsHalted()
T2D80 2247:646.716   CPU_ReadMem(4 bytes @ 0x41002100)
T2D80 2247:647.628 - 2.074ms returns FALSE
T2D80 2247:847.314 JLINK_IsHalted()
T2D80 2247:848.372   CPU_ReadMem(4 bytes @ 0x41002100)
T2D80 2247:849.232 - 1.930ms returns FALSE
T2D80 2248:049.543 JLINK_IsHalted()
T2D80 2248:050.541   CPU_ReadMem(4 bytes @ 0x41002100)
T2D80 2248:051.633 - 2.101ms returns FALSE
T2D80 2248:252.152 JLINK_IsHalted()
T2D80 2248:253.072   CPU_ReadMem(4 bytes @ 0x41002100)
T2D80 2248:254.681 - 2.541ms returns FALSE
T2D80 2248:455.287 JLINK_IsHalted()
T2D80 2248:456.296   CPU_ReadMem(4 bytes @ 0x41002100)
T2D80 2248:457.223 - 1.940ms returns FALSE
T2D80 2248:658.154 JLINK_IsHalted()
T2D80 2248:659.030   CPU_ReadMem(4 bytes @ 0x41002100)
T2D80 2248:659.856 - 1.711ms returns FALSE
T2D80 2248:859.748 JLINK_IsHalted()
T2D80 2248:860.707   CPU_ReadMem(4 bytes @ 0x41002100)
T2D80 2248:862.636 - 2.904ms returns FALSE
T2D80 2249:062.997 JLINK_IsHalted()
T2D80 2249:064.319   CPU_ReadMem(4 bytes @ 0x41002100)
T2D80 2249:065.112 - 2.126ms returns FALSE
T2D80 2249:265.210 JLINK_IsHalted()
T2D80 2249:266.399   CPU_ReadMem(4 bytes @ 0x41002100)
T2D80 2249:267.436 - 2.228ms returns FALSE
T2D80 2249:467.916 JLINK_IsHalted()
T2D80 2249:468.872   CPU_ReadMem(4 bytes @ 0x41002100)
T2D80 2249:470.538 - 2.623ms returns FALSE
T2D80 2249:674.207 JLINK_IsHalted()
T2D80 2249:675.502   CPU_ReadMem(4 bytes @ 0x41002100)
T2D80 2249:676.334 - 2.133ms returns FALSE
T2D80 2249:877.099 JLINK_IsHalted()
T2D80 2249:877.933   CPU_ReadMem(4 bytes @ 0x41002100)
T2D80 2249:879.028 - 1.940ms returns FALSE
T2D80 2250:079.181 JLINK_IsHalted()
T2D80 2250:080.158   CPU_ReadMem(4 bytes @ 0x41002100)
T2D80 2250:081.663 - 2.488ms returns FALSE
T2D80 2250:283.217 JLINK_IsHalted()
T2D80 2250:284.233   CPU_ReadMem(4 bytes @ 0x41002100)
T2D80 2250:284.951 - 1.743ms returns FALSE
T2D80 2250:484.489 JLINK_IsHalted()
T2D80 2250:485.425   CPU_ReadMem(4 bytes @ 0x41002100)
T2D80 2250:486.153 - 1.666ms returns FALSE
T2D80 2250:685.722 JLINK_IsHalted()
T2D80 2250:686.797   CPU_ReadMem(4 bytes @ 0x41002100)
T2D80 2250:687.894 - 2.179ms returns FALSE
T2D80 2250:887.714 JLINK_IsHalted()
T2D80 2250:889.095   CPU_ReadMem(4 bytes @ 0x41002100)
T2D80 2250:890.030 - 2.324ms returns FALSE
T2D80 2251:089.990 JLINK_IsHalted()
T2D80 2251:090.759   CPU_ReadMem(4 bytes @ 0x41002100)
T2D80 2251:091.454 - 1.472ms returns FALSE
T2D80 2251:293.780 JLINK_IsHalted()
T2D80 2251:294.762   CPU_ReadMem(4 bytes @ 0x41002100)
T2D80 2251:295.626 - 1.856ms returns FALSE
T2D80 2251:494.946 JLINK_IsHalted()
T2D80 2251:496.399   CPU_ReadMem(4 bytes @ 0x41002100)
T2D80 2251:497.351 - 2.411ms returns FALSE
T2D80 2251:697.989 JLINK_IsHalted()
T2D80 2251:698.775   CPU_ReadMem(4 bytes @ 0x41002100)
T2D80 2251:699.914 - 1.932ms returns FALSE
T2D80 2251:900.067 JLINK_IsHalted()
T2D80 2251:901.028   CPU_ReadMem(4 bytes @ 0x41002100)
T2D80 2251:902.724 - 2.661ms returns FALSE
T2D80 2252:102.206 JLINK_IsHalted()
T2D80 2252:104.153   CPU_ReadMem(4 bytes @ 0x41002100)
T2D80 2252:105.101 - 2.896ms returns FALSE
T2D80 2252:305.471 JLINK_IsHalted()
T2D80 2252:306.397   CPU_ReadMem(4 bytes @ 0x41002100)
T2D80 2252:307.506 - 2.047ms returns FALSE
T2D80 2252:507.302 JLINK_IsHalted()
T2D80 2252:508.141   CPU_ReadMem(4 bytes @ 0x41002100)
T2D80 2252:508.826 - 1.533ms returns FALSE
T2D80 2252:708.724 JLINK_IsHalted()
T2D80 2252:709.707   CPU_ReadMem(4 bytes @ 0x41002100)
T2D80 2252:710.370 - 1.657ms returns FALSE
T2D80 2252:911.038 JLINK_IsHalted()
T2D80 2252:912.061   CPU_ReadMem(4 bytes @ 0x41002100)
T2D80 2252:913.950 - 2.914ms returns FALSE
T2D80 2253:114.526 JLINK_IsHalted()
T2D80 2253:115.579   CPU_ReadMem(4 bytes @ 0x41002100)
T2D80 2253:116.408 - 1.892ms returns FALSE
T2D80 2253:317.198 JLINK_IsHalted()
T2D80 2253:318.009   CPU_ReadMem(4 bytes @ 0x41002100)
T2D80 2253:318.675 - 1.488ms returns FALSE
T2D80 2253:519.018 JLINK_IsHalted()
T2D80 2253:520.045   CPU_ReadMem(4 bytes @ 0x41002100)
T2D80 2253:522.003 - 2.991ms returns FALSE
T2D80 2253:721.946 JLINK_IsHalted()
T2D80 2253:723.630   CPU_ReadMem(4 bytes @ 0x41002100)
T2D80 2253:724.426 - 2.487ms returns FALSE
T2D80 2253:925.213 JLINK_IsHalted()
T2D80 2253:926.021   CPU_ReadMem(4 bytes @ 0x41002100)
T2D80 2253:927.219 - 2.014ms returns FALSE
T2D80 2254:127.501 JLINK_IsHalted()
T2D80 2254:128.677   CPU_ReadMem(4 bytes @ 0x41002100)
T2D80 2254:129.964 - 2.465ms returns FALSE
T2D80 2254:330.365 JLINK_IsHalted()
T2D80 2254:331.573   CPU_ReadMem(4 bytes @ 0x41002100)
T2D80 2254:332.385 - 2.029ms returns FALSE
T2D80 2254:533.118 JLINK_IsHalted()
T2D80 2254:534.406   CPU_ReadMem(4 bytes @ 0x41002100)
T2D80 2254:536.395 - 3.295ms returns FALSE
T2D80 2254:737.225 JLINK_IsHalted()
T2D80 2254:738.086   CPU_ReadMem(4 bytes @ 0x41002100)
T2D80 2254:739.104 - 1.882ms returns FALSE
T2D80 2254:938.993 JLINK_IsHalted()
T2D80 2254:939.955   CPU_ReadMem(4 bytes @ 0x41002100)
T2D80 2254:941.008 - 2.026ms returns FALSE
T2D80 2255:141.299 JLINK_IsHalted()
T2D80 2255:142.264   CPU_ReadMem(4 bytes @ 0x41002100)
T2D80 2255:142.842 - 1.545ms returns FALSE
T2D80 2255:342.672 JLINK_IsHalted()
T2D80 2255:343.800   CPU_ReadMem(4 bytes @ 0x41002100)
T2D80 2255:344.433 - 1.767ms returns FALSE
T2D80 2255:544.648 JLINK_IsHalted()
T2D80 2255:545.654   CPU_ReadMem(4 bytes @ 0x41002100)
T2D80 2255:546.338 - 1.694ms returns FALSE
T2D80 2255:747.104 JLINK_IsHalted()
T2D80 2255:747.962   CPU_ReadMem(4 bytes @ 0x41002100)
T2D80 2255:749.282 - 2.184ms returns FALSE
T2D80 2255:949.752 JLINK_IsHalted()
T2D80 2255:950.850   CPU_ReadMem(4 bytes @ 0x41002100)
T2D80 2255:951.767 - 2.026ms returns FALSE
T2D80 2256:151.790 JLINK_IsHalted()
T2D80 2256:152.768   CPU_ReadMem(4 bytes @ 0x41002100)
T2D80 2256:153.510 - 1.746ms returns FALSE
T2D80 2256:353.619 JLINK_IsHalted()
T2D80 2256:354.804   CPU_ReadMem(4 bytes @ 0x41002100)
T2D80 2256:355.856 - 2.253ms returns FALSE
T2D80 2256:557.158 JLINK_IsHalted()
T2D80 2256:558.878   CPU_ReadMem(4 bytes @ 0x41002100)
T2D80 2256:559.616 - 2.467ms returns FALSE
T2D80 2256:759.784 JLINK_IsHalted()
T2D80 2256:760.810   CPU_ReadMem(4 bytes @ 0x41002100)
T2D80 2256:761.579 - 1.804ms returns FALSE
T2D80 2256:962.207 JLINK_IsHalted()
T2D80 2256:963.141   CPU_ReadMem(4 bytes @ 0x41002100)
T2D80 2256:965.134 - 2.934ms returns FALSE
T2D80 2257:165.323 JLINK_IsHalted()
T2D80 2257:166.822   CPU_ReadMem(4 bytes @ 0x41002100)
T2D80 2257:167.430 - 2.111ms returns FALSE
T2D80 2257:367.109 JLINK_IsHalted()
T2D80 2257:368.460   CPU_ReadMem(4 bytes @ 0x41002100)
T2D80 2257:369.327 - 2.226ms returns FALSE
T2D80 2257:569.816 JLINK_IsHalted()
T2D80 2257:570.623   CPU_ReadMem(4 bytes @ 0x41002100)
T2D80 2257:571.375 - 1.565ms returns FALSE
T2D80 2257:772.041 JLINK_IsHalted()
T2D80 2257:772.821   CPU_ReadMem(4 bytes @ 0x41002100)
T2D80 2257:773.564 - 1.525ms returns FALSE
T2D80 2257:974.347 JLINK_IsHalted()
T2D80 2257:975.191   CPU_ReadMem(4 bytes @ 0x41002100)
T2D80 2257:976.454 - 2.110ms returns FALSE
T2D80 2258:176.245 JLINK_IsHalted()
T2D80 2258:177.915   CPU_ReadMem(4 bytes @ 0x41002100)
T2D80 2258:178.818 - 2.585ms returns FALSE
T2D80 2258:378.807 JLINK_IsHalted()
T2D80 2258:379.691   CPU_ReadMem(4 bytes @ 0x41002100)
T2D80 2258:380.752 - 1.957ms returns FALSE
T2D80 2258:581.342 JLINK_IsHalted()
T2D80 2258:582.355   CPU_ReadMem(4 bytes @ 0x41002100)
T2D80 2258:584.397 - 3.064ms returns FALSE
T2D80 2258:784.943 JLINK_IsHalted()
T2D80 2258:786.075   CPU_ReadMem(4 bytes @ 0x41002100)
T2D80 2258:787.183 - 2.247ms returns FALSE
T2D80 2258:987.004 JLINK_IsHalted()
T2D80 2258:988.089   CPU_ReadMem(4 bytes @ 0x41002100)
T2D80 2258:989.149 - 2.151ms returns FALSE
T2D80 2259:189.385 JLINK_IsHalted()
T2D80 2259:190.303   CPU_ReadMem(4 bytes @ 0x41002100)
T2D80 2259:192.386 - 3.007ms returns FALSE
T2D80 2259:391.823 JLINK_IsHalted()
T2D80 2259:392.872   CPU_ReadMem(4 bytes @ 0x41002100)
T2D80 2259:394.101 - 2.290ms returns FALSE
T2D80 2259:594.006 JLINK_IsHalted()
T2D80 2259:595.697   CPU_ReadMem(4 bytes @ 0x41002100)
T2D80 2259:596.655 - 2.655ms returns FALSE
T2D80 2259:796.326 JLINK_IsHalted()
T2D80 2259:797.478   CPU_ReadMem(4 bytes @ 0x41002100)
T2D80 2259:798.646 - 2.323ms returns FALSE
T2D80 2259:998.151 JLINK_IsHalted()
T2D80 2259:999.030   CPU_ReadMem(4 bytes @ 0x41002100)
T2D80 2260:000.183 - 2.043ms returns FALSE
T2D80 2260:201.717 JLINK_IsHalted()
T2D80 2260:203.727   CPU_ReadMem(4 bytes @ 0x41002100)
T2D80 2260:204.673 - 2.963ms returns FALSE
T2D80 2260:404.950 JLINK_IsHalted()
T2D80 2260:405.799   CPU_ReadMem(4 bytes @ 0x41002100)
T2D80 2260:406.964 - 2.021ms returns FALSE
T2D80 2260:607.015 JLINK_IsHalted()
T2D80 2260:607.970   CPU_ReadMem(4 bytes @ 0x41002100)
T2D80 2260:608.705 - 1.701ms returns FALSE
T2D80 2260:808.043 JLINK_IsHalted()
T2D80 2260:808.825   CPU_ReadMem(4 bytes @ 0x41002100)
T2D80 2260:809.586 - 1.545ms returns FALSE
T2D80 2261:009.820 JLINK_IsHalted()
T2D80 2261:010.846   CPU_ReadMem(4 bytes @ 0x41002100)
T2D80 2261:011.963 - 2.151ms returns FALSE
T2D80 2261:212.448 JLINK_IsHalted()
T2D80 2261:213.515   CPU_ReadMem(4 bytes @ 0x41002100)
T2D80 2261:214.926 - 2.486ms returns FALSE
T2D80 2261:414.808 JLINK_IsHalted()
T2D80 2261:416.494   CPU_ReadMem(4 bytes @ 0x41002100)
T2D80 2261:417.495 - 2.693ms returns FALSE
T2D80 2261:617.752 JLINK_IsHalted()
T2D80 2261:618.660   CPU_ReadMem(4 bytes @ 0x41002100)
T2D80 2261:619.464 - 1.717ms returns FALSE
T2D80 2261:819.867 JLINK_IsHalted()
T2D80 2261:820.984   CPU_ReadMem(4 bytes @ 0x41002100)
T2D80 2261:822.886 - 3.027ms returns FALSE
T2D80 2262:023.013 JLINK_IsHalted()
T2D80 2262:024.661   CPU_ReadMem(4 bytes @ 0x41002100)
T2D80 2262:025.454 - 2.448ms returns FALSE
T2D80 2262:225.402 JLINK_IsHalted()
T2D80 2262:226.232   CPU_ReadMem(4 bytes @ 0x41002100)
T2D80 2262:226.994 - 1.600ms returns FALSE
T2D80 2262:427.240 JLINK_IsHalted()
T2D80 2262:428.092   CPU_ReadMem(4 bytes @ 0x41002100)
T2D80 2262:428.835 - 1.599ms returns FALSE
T2D80 2262:629.277 JLINK_IsHalted()
T2D80 2262:630.361   CPU_ReadMem(4 bytes @ 0x41002100)
T2D80 2262:631.164 - 1.895ms returns FALSE
T2D80 2262:831.649 JLINK_IsHalted()
T2D80 2262:832.347   CPU_ReadMem(4 bytes @ 0x41002100)
T2D80 2262:833.980 - 2.338ms returns FALSE
T2D80 2263:034.509 JLINK_IsHalted()
T2D80 2263:035.710   CPU_ReadMem(4 bytes @ 0x41002100)
T2D80 2263:036.540 - 2.033ms returns FALSE
T2D80 2263:235.928 JLINK_IsHalted()
T2D80 2263:237.356   CPU_ReadMem(4 bytes @ 0x41002100)
T2D80 2263:238.480 - 2.557ms returns FALSE
T2D80 2263:440.296 JLINK_IsHalted()
T2D80 2263:442.131   CPU_ReadMem(4 bytes @ 0x41002100)
T2D80 2263:442.865 - 2.585ms returns FALSE
T2D80 2263:643.039 JLINK_IsHalted()
T2D80 2263:643.998   CPU_ReadMem(4 bytes @ 0x41002100)
T2D80 2263:644.763 - 1.726ms returns FALSE
T2D80 2263:845.316 JLINK_IsHalted()
T2D80 2263:846.325   CPU_ReadMem(4 bytes @ 0x41002100)
T2D80 2263:846.988 - 1.674ms returns FALSE
T2D80 2264:047.068 JLINK_IsHalted()
T2D80 2264:047.876   CPU_ReadMem(4 bytes @ 0x41002100)
T2D80 2264:049.938 - 2.876ms returns FALSE
T2D80 2264:250.093 JLINK_IsHalted()
T2D80 2264:251.712   CPU_ReadMem(4 bytes @ 0x41002100)
T2D80 2264:252.729 - 2.640ms returns FALSE
T2D80 2264:453.079 JLINK_IsHalted()
T2D80 2264:454.251   CPU_ReadMem(4 bytes @ 0x41002100)
T2D80 2264:455.302 - 2.227ms returns FALSE
T2D80 2264:655.956 JLINK_IsHalted()
T2D80 2264:656.920   CPU_ReadMem(4 bytes @ 0x41002100)
T2D80 2264:658.132 - 2.178ms returns FALSE
T2D80 2264:858.657 JLINK_IsHalted()
T2D80 2264:859.754   CPU_ReadMem(4 bytes @ 0x41002100)
T2D80 2264:860.643 - 1.994ms returns FALSE
T2D80 2265:060.946 JLINK_IsHalted()
T2D80 2265:061.821   CPU_ReadMem(4 bytes @ 0x41002100)
T2D80 2265:062.837 - 1.897ms returns FALSE
T2D80 2265:264.253 JLINK_IsHalted()
T2D80 2265:265.975   CPU_ReadMem(4 bytes @ 0x41002100)
T2D80 2265:267.072 - 2.837ms returns FALSE
T2D80 2265:466.921 JLINK_IsHalted()
T2D80 2265:467.810   CPU_ReadMem(4 bytes @ 0x41002100)
T2D80 2265:468.828 - 1.913ms returns FALSE
T2D80 2265:669.620 JLINK_IsHalted()
T2D80 2265:670.445   CPU_ReadMem(4 bytes @ 0x41002100)
T2D80 2265:672.450 - 2.832ms returns FALSE
T2D80 2265:871.806 JLINK_IsHalted()
T2D80 2265:872.804   CPU_ReadMem(4 bytes @ 0x41002100)
T2D80 2265:874.152 - 2.350ms returns FALSE
T2D80 2266:074.679 JLINK_IsHalted()
T2D80 2266:075.858   CPU_ReadMem(4 bytes @ 0x41002100)
T2D80 2266:076.904 - 2.230ms returns FALSE
T2D80 2266:276.089 JLINK_IsHalted()
T2D80 2266:277.409   CPU_ReadMem(4 bytes @ 0x41002100)
T2D80 2266:278.303 - 2.221ms returns FALSE
T2D80 2266:478.414 JLINK_IsHalted()
T2D80 2266:485.365   CPU_ReadMem(4 bytes @ 0x41002100)
T2D80 2266:486.317 - 7.905ms returns FALSE
T2D80 2266:686.964 JLINK_IsHalted()
T2D80 2266:687.695   CPU_ReadMem(4 bytes @ 0x41002100)
T2D80 2266:688.468 - 1.522ms returns FALSE
T2D80 2266:888.996 JLINK_IsHalted()
T2D80 2266:890.035   CPU_ReadMem(4 bytes @ 0x41002100)
T2D80 2266:891.795 - 2.805ms returns FALSE
T2D80 2267:092.710 JLINK_IsHalted()
T2D80 2267:093.791   CPU_ReadMem(4 bytes @ 0x41002100)
T2D80 2267:094.456 - 1.748ms returns FALSE
T2D80 2267:295.671 JLINK_IsHalted()
T2D80 2267:296.738   CPU_ReadMem(4 bytes @ 0x41002100)
T2D80 2267:298.260 - 2.596ms returns FALSE
T2D80 2267:497.993 JLINK_IsHalted()
T2D80 2267:499.809   CPU_ReadMem(4 bytes @ 0x41002100)
T2D80 2267:500.894 - 2.907ms returns FALSE
T2D80 2267:701.411 JLINK_IsHalted()
T2D80 2267:702.474   CPU_ReadMem(4 bytes @ 0x41002100)
T2D80 2267:704.471 - 3.071ms returns FALSE
T2D80 2267:905.361 JLINK_IsHalted()
T2D80 2267:906.224   CPU_ReadMem(4 bytes @ 0x41002100)
T2D80 2267:907.178 - 1.823ms returns FALSE
T2D80 2268:107.348 JLINK_IsHalted()
T2D80 2268:108.457   CPU_ReadMem(4 bytes @ 0x41002100)
T2D80 2268:109.157 - 1.820ms returns FALSE
T2D80 2268:308.751 JLINK_IsHalted()
T2D80 2268:309.719   CPU_ReadMem(4 bytes @ 0x41002100)
T2D80 2268:310.731 - 1.982ms returns FALSE
T2D80 2268:512.642 JLINK_IsHalted()
T2D80 2268:514.246   CPU_ReadMem(4 bytes @ 0x41002100)
T2D80 2268:515.271 - 2.654ms returns FALSE
T2D80 2268:714.873 JLINK_IsHalted()
T2D80 2268:715.787   CPU_ReadMem(4 bytes @ 0x41002100)
T2D80 2268:716.750 - 1.913ms returns FALSE
T2D80 2268:916.055 JLINK_IsHalted()
T2D80 2268:917.403   CPU_ReadMem(4 bytes @ 0x41002100)
T2D80 2268:918.260 - 2.210ms returns FALSE
T2D80 2269:118.639 JLINK_IsHalted()
T2D80 2269:119.354   CPU_ReadMem(4 bytes @ 0x41002100)
T2D80 2269:120.176 - 1.550ms returns FALSE
T2D80 2269:320.239 JLINK_IsHalted()
T2D80 2269:321.450   CPU_ReadMem(4 bytes @ 0x41002100)
T2D80 2269:322.660 - 2.428ms returns FALSE
T2D80 2269:522.272 JLINK_IsHalted()
T2D80 2269:523.309   CPU_ReadMem(4 bytes @ 0x41002100)
T2D80 2269:525.333 - 3.068ms returns FALSE
T2D80 2269:725.621 JLINK_IsHalted()
T2D80 2269:727.052   CPU_ReadMem(4 bytes @ 0x41002100)
T2D80 2269:728.150 - 2.534ms returns FALSE
T2D80 2269:929.327 JLINK_IsHalted()
T2D80 2269:930.408   CPU_ReadMem(4 bytes @ 0x41002100)
T2D80 2269:931.899 - 2.588ms returns FALSE
T2D80 2270:132.256 JLINK_IsHalted()
T2D80 2270:133.466   CPU_ReadMem(4 bytes @ 0x41002100)
T2D80 2270:134.620 - 2.370ms returns FALSE
T2D80 2270:334.541 JLINK_IsHalted()
T2D80 2270:335.707   CPU_ReadMem(4 bytes @ 0x41002100)
T2D80 2270:336.847 - 2.319ms returns FALSE
T2D80 2270:537.019 JLINK_IsHalted()
T2D80 2270:537.958   CPU_ReadMem(4 bytes @ 0x41002100)
T2D80 2270:538.608 - 1.591ms returns FALSE
T2D80 2270:739.126 JLINK_IsHalted()
T2D80 2270:740.174   CPU_ReadMem(4 bytes @ 0x41002100)
T2D80 2270:741.412 - 2.307ms returns FALSE
T2D80 2270:941.889 JLINK_IsHalted()
T2D80 2270:943.016   CPU_ReadMem(4 bytes @ 0x41002100)
T2D80 2270:943.865 - 1.978ms returns FALSE
T2D80 2271:144.710 JLINK_IsHalted()
T2D80 2271:145.938   CPU_ReadMem(4 bytes @ 0x41002100)
T2D80 2271:147.821 - 3.125ms returns FALSE
T2D80 2271:347.954 JLINK_IsHalted()
T2D80 2271:349.478   CPU_ReadMem(4 bytes @ 0x41002100)
T2D80 2271:350.501 - 2.559ms returns FALSE
T2D80 2271:550.979 JLINK_IsHalted()
T2D80 2271:551.956   CPU_ReadMem(4 bytes @ 0x41002100)
T2D80 2271:552.984 - 2.022ms returns FALSE
T2D80 2271:755.887 JLINK_IsHalted()
T2D80 2271:756.650   CPU_ReadMem(4 bytes @ 0x41002100)
T2D80 2271:757.384 - 1.504ms returns FALSE
T2D80 2271:957.164 JLINK_IsHalted()
T2D80 2271:958.381   CPU_ReadMem(4 bytes @ 0x41002100)
T2D80 2271:959.512 - 2.351ms returns FALSE
T2D80 2272:159.678 JLINK_IsHalted()
T2D80 2272:160.571   CPU_ReadMem(4 bytes @ 0x41002100)
T2D80 2272:162.129 - 2.452ms returns FALSE
T2D80 2272:361.915 JLINK_IsHalted()
T2D80 2272:363.721   CPU_ReadMem(4 bytes @ 0x41002100)
T2D80 2272:364.625 - 2.722ms returns FALSE
T2D80 2272:564.994 JLINK_IsHalted()
T2D80 2272:565.799   CPU_ReadMem(4 bytes @ 0x41002100)
T2D80 2272:566.587 - 1.602ms returns FALSE
T2D80 2272:767.019 JLINK_IsHalted()
T2D80 2272:767.694   CPU_ReadMem(4 bytes @ 0x41002100)
T2D80 2272:768.442 - 1.425ms returns FALSE
T2D80 2272:968.987 JLINK_IsHalted()
T2D80 2272:969.954   CPU_ReadMem(4 bytes @ 0x41002100)
T2D80 2272:970.672 - 1.695ms returns FALSE
T2D80 2273:171.950 JLINK_IsHalted()
T2D80 2273:173.491   CPU_ReadMem(4 bytes @ 0x41002100)
T2D80 2273:174.095 - 2.163ms returns FALSE
T2D80 2273:374.328 JLINK_IsHalted()
T2D80 2273:375.316   CPU_ReadMem(4 bytes @ 0x41002100)
T2D80 2273:376.016 - 1.690ms returns FALSE
T2D80 2273:575.986 JLINK_IsHalted()
T2D80 2273:576.887   CPU_ReadMem(4 bytes @ 0x41002100)
T2D80 2273:577.979 - 1.999ms returns FALSE
T2D80 2273:778.746 JLINK_IsHalted()
T2D80 2273:779.442   CPU_ReadMem(4 bytes @ 0x41002100)
T2D80 2273:780.322 - 1.583ms returns FALSE
T2D80 2273:980.450 JLINK_IsHalted()
T2D80 2273:981.440   CPU_ReadMem(4 bytes @ 0x41002100)
T2D80 2273:982.941 - 2.496ms returns FALSE
T2D80 2274:182.263 JLINK_IsHalted()
T2D80 2274:183.378   CPU_ReadMem(4 bytes @ 0x41002100)
T2D80 2274:184.675 - 2.424ms returns FALSE
T2D80 2274:384.245 JLINK_IsHalted()
T2D80 2274:386.123   CPU_ReadMem(4 bytes @ 0x41002100)
T2D80 2274:387.058 - 2.828ms returns FALSE
T2D80 2274:587.165 JLINK_IsHalted()
T2D80 2274:588.347   CPU_ReadMem(4 bytes @ 0x41002100)
T2D80 2274:589.391 - 2.232ms returns FALSE
T2D80 2274:791.383 JLINK_IsHalted()
T2D80 2274:792.737   CPU_ReadMem(4 bytes @ 0x41002100)
T2D80 2274:793.362 - 1.985ms returns FALSE
T2D80 2274:994.048 JLINK_IsHalted()
T2D80 2274:996.026   CPU_ReadMem(4 bytes @ 0x41002100)
T2D80 2274:997.482 - 3.441ms returns FALSE
T2D80 2275:198.037 JLINK_IsHalted()
T2D80 2275:199.125   CPU_ReadMem(4 bytes @ 0x41002100)
T2D80 2275:199.799 - 1.773ms returns FALSE
T2D80 2275:402.291 JLINK_IsHalted()
T2D80 2275:403.942   CPU_ReadMem(4 bytes @ 0x41002100)
T2D80 2275:404.689 - 2.408ms returns FALSE
T2D80 2275:605.582 JLINK_IsHalted()
T2D80 2275:606.605   CPU_ReadMem(4 bytes @ 0x41002100)
T2D80 2275:607.384 - 1.819ms returns FALSE
T2D80 2275:807.539 JLINK_IsHalted()
T2D80 2275:808.557   CPU_ReadMem(4 bytes @ 0x41002100)
T2D80 2275:810.053 - 2.517ms returns FALSE
T2D80 2276:009.741 JLINK_IsHalted()
T2D80 2276:011.743   CPU_ReadMem(4 bytes @ 0x41002100)
T2D80 2276:012.781 - 3.052ms returns FALSE
T2D80 2276:212.821 JLINK_IsHalted()
T2D80 2276:213.844   CPU_ReadMem(4 bytes @ 0x41002100)
T2D80 2276:214.906 - 2.106ms returns FALSE
T2D80 2276:416.991 JLINK_IsHalted()
T2D80 2276:418.315   CPU_ReadMem(4 bytes @ 0x41002100)
T2D80 2276:418.909 - 1.931ms returns FALSE
T2D80 2276:619.350 JLINK_IsHalted()
T2D80 2276:620.093   CPU_ReadMem(4 bytes @ 0x41002100)
T2D80 2276:620.862 - 1.522ms returns FALSE
T2D80 2276:821.120 JLINK_IsHalted()
T2D80 2276:822.134   CPU_ReadMem(4 bytes @ 0x41002100)
T2D80 2276:823.051 - 1.941ms returns FALSE
T2D80 2277:022.714 JLINK_IsHalted()
T2D80 2277:023.646   CPU_ReadMem(4 bytes @ 0x41002100)
T2D80 2277:024.711 - 2.004ms returns FALSE
T2D80 2277:225.154 JLINK_IsHalted()
T2D80 2277:225.834   CPU_ReadMem(4 bytes @ 0x41002100)
T2D80 2277:226.558 - 1.410ms returns FALSE
T2D80 2277:427.004 JLINK_IsHalted()
T2D80 2277:427.775   CPU_ReadMem(4 bytes @ 0x41002100)
T2D80 2277:429.371 - 2.376ms returns FALSE
T2D80 2277:629.440 JLINK_IsHalted()
T2D80 2277:631.177   CPU_ReadMem(4 bytes @ 0x41002100)
T2D80 2277:631.855 - 2.425ms returns FALSE
T2D9C 2277:663.134 JLINK_Halt()
T2D9C 2277:669.833 - 6.709ms returns 0x00
T2D80 2277:832.055 JLINK_IsHalted()
T2D80 2277:832.077 - 0.023ms returns TRUE
T2D80 2277:832.082 JLINK_GetMOEs(...)
T2D80 2277:832.092   CPU_ReadMem(4 bytes @ 0xE000ED30)
T2D80 2277:833.121 - 1.043ms returns 0x01
T2D80 2277:833.129 JLINK_ReadReg(R15 (PC))
T2D80 2277:833.145 - 0.018ms returns 0x00002C9A
T4120 2277:833.793 JLINK_ResetPullsRESET(ON)
T4120 2277:833.803 - 0.011ms
T4120 2277:833.808 JLINK_ResetNoHalt()
T4120 2277:834.310   InitTarget() start
T4120 2277:834.316    J-Link Script File: Executing InitTarget()
T4120 2277:834.324   InitTarget()
T4120 2277:848.556   InitTarget() end
T4120 2277:849.762   Found SW-DP with ID 0x0BC11477
T4120 2277:859.862   Old FW that does not support reading DPIDR via DAP jobs
T4120 2277:872.251   DPv0 detected
T4120 2277:872.267   AP map detection skipped. Manually configured AP map found.
T4120 2277:872.295   AP[0]: AHB-AP (IDR: Not set)
T4120 2277:884.583   AP[0]: Core found
T4120 2277:884.604   AP[0]: AHB-AP ROM base: 0x41003000
T4120 2277:891.465   CPUID register: 0x410CC601. Implementer code: 0x41 (ARM)
T4120 2277:891.476   Found Cortex-M0 r0p1, Little endian.
T4120 2277:992.567   -- Max. mem block: 0x00000A40
T4120 2277:992.598   CPU_ReadMem(4 bytes @ 0xE000EDF0)
T4120 2277:993.444   CPU_ReadMem(4 bytes @ 0xE0002000)
T4120 2277:994.365   FPUnit: 4 code (BP) slots and 0 literal slots
T4120 2277:994.393   CPU_ReadMem(4 bytes @ 0xE0001000)
T4120 2277:995.945   CoreSight components:
T4120 2277:995.957   ROMTbl[0] @ 41003000
T4120 2277:995.971   CPU_ReadMem(64 bytes @ 0x41003000)
T4120 2277:997.525   CPU_ReadMem(32 bytes @ 0xE00FFFE0)
T4120 2277:999.472   ROMTbl[0][0]: E00FF000, CID: B105100D, PID: 000BB4C0 ROM Table
T4120 2277:999.485   ROMTbl[1] @ E00FF000
T4120 2277:999.491   CPU_ReadMem(64 bytes @ 0xE00FF000)
T4120 2278:000.849   CPU_ReadMem(32 bytes @ 0xE000EFE0)
T4120 2278:002.630   ROMTbl[1][0]: E000E000, CID: B105E00D, PID: 000BB008 SCS
T4120 2278:002.636   CPU_WriteMem(4 bytes @ 0xE0001000)
T4120 2278:003.581   CPU_ReadMem(32 bytes @ 0xE0001FE0)
T4120 2278:005.570   ROMTbl[1][1]: E0001000, CID: B105E00D, PID: 000BB00A DWT
T4120 2278:005.577   CPU_ReadMem(32 bytes @ 0xE0002FE0)
T4120 2278:006.509   ROMTbl[1][2]: E0002000, CID: B105E00D, PID: 000BB00B FPB
T4120 2278:006.514   CPU_ReadMem(32 bytes @ 0x41006FE0)
T4120 2278:007.603   ROMTbl[0][1]: 41006000, CID: B105900D, PID: 001BB932 MTB-M0+
T4120 2278:007.614   JLINK_Reset()
T4120 2278:007.623     ResetTarget() start
T4120 2278:007.628      J-Link Script File: Executing ResetTarget()
T4120 2278:007.636     CPU_ReadMem(4 bytes @ 0xE000EDFC)
T4120 2278:008.835     CPU_WriteMem(4 bytes @ 0xE000EDFC)
T4120 2278:009.564     CPU_WriteMem(4 bytes @ 0xE000ED0C)
T4120 2278:012.390     CPU_ReadMem(4 bytes @ 0xE000EDF0)
T4120 2278:012.949     CPU_ReadMem(4 bytes @ 0x41002100)
T4120 2278:013.872     CPU_WriteMem(4 bytes @ 0xE000EDFC)
T4120 2278:015.161     ResetTarget() end
T4120 2278:022.298     CPU_WriteMem(4 bytes @ 0xE0002000)
T4120 2278:023.239     CPU_ReadMem(4 bytes @ 0xE000EDFC)
T4120 2278:024.761     CPU_ReadMem(4 bytes @ 0xE0001000)
T4120 2278:025.278     CPU_WriteMem(4 bytes @ 0xE0001000)
T4120 2278:026.246   - 18.638ms
T4120 2278:026.256   JLINK_Go()
T4120 2278:026.263     CPU_ReadMem(4 bytes @ 0xE0001000)
T4120 2278:027.767     CPU_WriteMem(4 bytes @ 0xE0001000)
T4120 2278:027.773     CPU_WriteMem(4 bytes @ 0xE0002008)
T4120 2278:027.778     CPU_WriteMem(4 bytes @ 0xE000200C)
T4120 2278:027.782     CPU_WriteMem(4 bytes @ 0xE0002010)
T4120 2278:027.787     CPU_WriteMem(4 bytes @ 0xE0002014)
T4120 2278:031.085     CPU_WriteMem(4 bytes @ 0xE0001004)
T4120 2278:032.865   - 6.613ms
T4120 2278:032.871 - 199.064ms
T4120 2278:040.713 JLINK_Close()
T4120 2278:041.221   CPU is running
T4120 2278:041.228   CPU_WriteMem(4 bytes @ 0xE0002008)
T4120 2278:041.783   CPU is running
T4120 2278:041.789   CPU_WriteMem(4 bytes @ 0xE000200C)
T4120 2278:042.630   CPU is running
T4120 2278:042.640   CPU_WriteMem(4 bytes @ 0xE0002010)
T4120 2278:043.964   CPU is running
T4120 2278:043.980   CPU_WriteMem(4 bytes @ 0xE0002014)
T4120 2278:069.660 - 28.963ms
T4120 2278:069.679   
T4120 2278:069.683   Closed
