05-22 13:26:10 com_github_MitjaNemec_ReplicateLayout.action_replicate_layout 289:Plugin executed on: 'linux'
05-22 13:26:10 com_github_MitjaNemec_ReplicateLayout.action_replicate_layout 290:Plugin executed with python version: '3.9.9 (main, Nov 10 2011, 15:00:00) \n[GCC 11.3.0]'
05-22 13:26:10 com_github_MitjaNemec_ReplicateLayout.action_replicate_layout 291:KiCad build version: 6.0.5
05-22 13:26:10 com_github_MitjaNemec_ReplicateLayout.action_replicate_layout 292:Plugin version: 1.1.1
05-22 13:26:10 com_github_MitjaNemec_ReplicateLayout.action_replicate_layout 293:Frame repr: <wx._core.Frame object at 0x7fc02c386c10>
05-22 13:26:10 com_github_MitjaNemec_ReplicateLayout.action_replicate_layout 317:Preparing replicator with U24 as a reference
05-22 13:26:10 com_github_MitjaNemec_ReplicateLayout.replicate_layout 98:getting a list of all footprints on board
05-22 13:26:10 com_github_MitjaNemec_ReplicateLayout.action_replicate_layout 345:source anchor footprint is 'U24'
Located on: ['output_channel_4']
With filenames: ['output.kicad_sch']
With sheet_id:['output_channel_4']
05-22 13:26:10 com_github_MitjaNemec_ReplicateLayout.action_replicate_layout 352:Corresponding footprints are 
[('U40', ['output_channel_8']), ('U20', ['output_channel_3']), ('U28', ['output_channel_5']), ('U36', ['output_channel_7']), ('U12', ['output_channel_1']), ('U16', ['output_channel_2']), ('U32', ['output_channel_6']), ('U24', ['output_channel_4'])]
05-22 13:26:10 com_github_MitjaNemec_ReplicateLayout.action_replicate_layout 364:Showing dialog
05-22 13:26:10 com_github_MitjaNemec_ReplicateLayout.action_replicate_layout 370:Toolbar position: wx.Point(1246, 1418)
05-22 13:26:10 com_github_MitjaNemec_ReplicateLayout.action_replicate_layout 376:Dialog position: wx.Point(882, 1418)
05-22 13:26:10 com_github_MitjaNemec_ReplicateLayout.replicate_layout 335:constructing a list of sheets suitable for replication on level:'output_channel_4', file:'output.kicad_sch'
05-22 13:26:10 com_github_MitjaNemec_ReplicateLayout.replicate_layout 372:suitable sheets are:[['output_channel_1'], ['output_channel_2'], ['output_channel_3'], ['output_channel_5'], ['output_channel_6'], ['output_channel_7'], ['output_channel_8']]
05-22 13:26:14 com_github_MitjaNemec_ReplicateLayout.replicate_layout 335:constructing a list of sheets suitable for replication on level:'output_channel_4', file:'output.kicad_sch'
05-22 13:26:14 com_github_MitjaNemec_ReplicateLayout.replicate_layout 372:suitable sheets are:[['output_channel_1'], ['output_channel_2'], ['output_channel_3'], ['output_channel_5'], ['output_channel_6'], ['output_channel_7'], ['output_channel_8']]
05-22 13:26:21 com_github_MitjaNemec_ReplicateLayout.replicate_layout 335:constructing a list of sheets suitable for replication on level:'output_channel_4', file:'output.kicad_sch'
05-22 13:26:21 com_github_MitjaNemec_ReplicateLayout.replicate_layout 372:suitable sheets are:[['output_channel_1'], ['output_channel_2'], ['output_channel_3'], ['output_channel_5'], ['output_channel_6'], ['output_channel_7'], ['output_channel_8']]
05-22 13:26:21 com_github_MitjaNemec_ReplicateLayout.action_replicate_layout 139:Replicating layout
05-22 13:26:21 com_github_MitjaNemec_ReplicateLayout.replicate_layout 146:Starting replication of sheets: [['output_channel_2'], ['output_channel_3'], ['output_channel_5'], ['output_channel_6'], ['output_channel_7'], ['output_channel_8']]
on level: ['output_channel_4']
with tracks=True, zone=True, text=True, containing=False, remove=False, locked=False, by_group=False
05-22 13:26:21 root 229:updating GUI message: 'Preparing for replication'
05-22 13:26:21 root 234:updating GUI with: 0
05-22 13:26:21 com_github_MitjaNemec_ReplicateLayout.replicate_layout 215:Getting the list of source footprints
05-22 13:26:21 root 234:updating GUI with: 0
05-22 13:26:21 com_github_MitjaNemec_ReplicateLayout.replicate_layout 230:Getting the list of all the remaining footprints
05-22 13:26:21 com_github_MitjaNemec_ReplicateLayout.replicate_layout 235:Getting nets local to source footprints
05-22 13:26:21 com_github_MitjaNemec_ReplicateLayout.replicate_layout 238:Getting source bounding box
05-22 13:26:21 com_github_MitjaNemec_ReplicateLayout.replicate_layout 242:Getting source tracks
05-22 13:26:21 com_github_MitjaNemec_ReplicateLayout.replicate_layout 257:Getting source zones
05-22 13:26:21 root 234:updating GUI with: 62
05-22 13:26:21 com_github_MitjaNemec_ReplicateLayout.replicate_layout 266:Getting source text items
05-22 13:26:21 root 234:updating GUI with: 75
05-22 13:26:21 com_github_MitjaNemec_ReplicateLayout.replicate_layout 275:Getting source drawing items
05-22 13:26:21 root 234:updating GUI with: 87
05-22 13:26:21 root 229:updating GUI message: 'Replicating footprints'
05-22 13:26:21 com_github_MitjaNemec_ReplicateLayout.replicate_layout 669:Replicating footprints
05-22 13:26:21 com_github_MitjaNemec_ReplicateLayout.replicate_layout 675:Replicating footprints on sheet ['output_channel_2']
05-22 13:26:21 com_github_MitjaNemec_ReplicateLayout.replicate_layout 675:Replicating footprints on sheet ['output_channel_3']
05-22 13:26:21 root 234:updating GUI with: 20
05-22 13:26:21 root 234:updating GUI with: 21
05-22 13:26:21 com_github_MitjaNemec_ReplicateLayout.replicate_layout 675:Replicating footprints on sheet ['output_channel_5']
05-22 13:26:21 com_github_MitjaNemec_ReplicateLayout.replicate_layout 675:Replicating footprints on sheet ['output_channel_6']
05-22 13:26:21 root 234:updating GUI with: 53
05-22 13:26:21 root 234:updating GUI with: 54
05-22 13:26:21 root 234:updating GUI with: 60
05-22 13:26:21 root 234:updating GUI with: 60
05-22 13:26:21 com_github_MitjaNemec_ReplicateLayout.replicate_layout 675:Replicating footprints on sheet ['output_channel_7']
05-22 13:26:21 root 234:updating GUI with: 73
05-22 13:26:21 root 234:updating GUI with: 74
05-22 13:26:21 root 234:updating GUI with: 74
05-22 13:26:21 root 234:updating GUI with: 75
05-22 13:26:21 com_github_MitjaNemec_ReplicateLayout.replicate_layout 675:Replicating footprints on sheet ['output_channel_8']
05-22 13:26:21 root 229:updating GUI message: 'Replicating tracks'
05-22 13:26:21 com_github_MitjaNemec_ReplicateLayout.replicate_layout 835:Replicating tracks
05-22 13:26:21 root 234:updating GUI with: 0
05-22 13:26:21 com_github_MitjaNemec_ReplicateLayout.replicate_layout 841:Replicating tracks on sheet ['output_channel_2']
05-22 13:26:21 com_github_MitjaNemec_ReplicateLayout.replicate_layout 841:Replicating tracks on sheet ['output_channel_3']
05-22 13:26:21 root 234:updating GUI with: 29
05-22 13:26:21 root 234:updating GUI with: 29
05-22 13:26:21 com_github_MitjaNemec_ReplicateLayout.replicate_layout 841:Replicating tracks on sheet ['output_channel_5']
05-22 13:26:21 com_github_MitjaNemec_ReplicateLayout.replicate_layout 841:Replicating tracks on sheet ['output_channel_6']
05-22 13:26:21 root 234:updating GUI with: 53
05-22 13:26:21 com_github_MitjaNemec_ReplicateLayout.replicate_layout 841:Replicating tracks on sheet ['output_channel_7']
05-22 13:26:21 com_github_MitjaNemec_ReplicateLayout.replicate_layout 841:Replicating tracks on sheet ['output_channel_8']
05-22 13:26:21 root 234:updating GUI with: 83
05-22 13:26:21 root 234:updating GUI with: 83
05-22 13:26:21 root 229:updating GUI message: 'Replicating zones'
05-22 13:26:21 com_github_MitjaNemec_ReplicateLayout.replicate_layout 893:Replicating zones
05-22 13:26:21 root 234:updating GUI with: 0
05-22 13:26:21 com_github_MitjaNemec_ReplicateLayout.replicate_layout 900:Replicating zones on sheet ['output_channel_2']
05-22 13:26:21 com_github_MitjaNemec_ReplicateLayout.replicate_layout 900:Replicating zones on sheet ['output_channel_3']
05-22 13:26:21 com_github_MitjaNemec_ReplicateLayout.replicate_layout 900:Replicating zones on sheet ['output_channel_5']
05-22 13:26:21 com_github_MitjaNemec_ReplicateLayout.replicate_layout 900:Replicating zones on sheet ['output_channel_6']
05-22 13:26:21 root 234:updating GUI with: 53
05-22 13:26:21 com_github_MitjaNemec_ReplicateLayout.replicate_layout 900:Replicating zones on sheet ['output_channel_7']
05-22 13:26:21 com_github_MitjaNemec_ReplicateLayout.replicate_layout 900:Replicating zones on sheet ['output_channel_8']
05-22 13:26:21 root 229:updating GUI message: 'Replicating text'
05-22 13:26:21 com_github_MitjaNemec_ReplicateLayout.replicate_layout 963:Replicating text
05-22 13:26:21 root 234:updating GUI with: 0
05-22 13:26:21 com_github_MitjaNemec_ReplicateLayout.replicate_layout 970:Replicating text on sheet ['output_channel_2']
05-22 13:26:21 com_github_MitjaNemec_ReplicateLayout.replicate_layout 970:Replicating text on sheet ['output_channel_3']
05-22 13:26:21 com_github_MitjaNemec_ReplicateLayout.replicate_layout 970:Replicating text on sheet ['output_channel_5']
05-22 13:26:21 com_github_MitjaNemec_ReplicateLayout.replicate_layout 970:Replicating text on sheet ['output_channel_6']
05-22 13:26:21 com_github_MitjaNemec_ReplicateLayout.replicate_layout 970:Replicating text on sheet ['output_channel_7']
05-22 13:26:21 com_github_MitjaNemec_ReplicateLayout.replicate_layout 970:Replicating text on sheet ['output_channel_8']
05-22 13:26:21 root 229:updating GUI message: 'Replicating drawings'
05-22 13:26:21 com_github_MitjaNemec_ReplicateLayout.replicate_layout 1003:Replicating drawings
05-22 13:26:21 root 234:updating GUI with: 0
05-22 13:26:21 com_github_MitjaNemec_ReplicateLayout.replicate_layout 1009:Replicating drawings on sheet ['output_channel_2']
05-22 13:26:21 com_github_MitjaNemec_ReplicateLayout.replicate_layout 1009:Replicating drawings on sheet ['output_channel_3']
05-22 13:26:21 com_github_MitjaNemec_ReplicateLayout.replicate_layout 1009:Replicating drawings on sheet ['output_channel_5']
05-22 13:26:21 com_github_MitjaNemec_ReplicateLayout.replicate_layout 1009:Replicating drawings on sheet ['output_channel_6']
05-22 13:26:21 com_github_MitjaNemec_ReplicateLayout.replicate_layout 1009:Replicating drawings on sheet ['output_channel_7']
05-22 13:26:21 com_github_MitjaNemec_ReplicateLayout.replicate_layout 1009:Replicating drawings on sheet ['output_channel_8']
05-22 13:26:22 com_github_MitjaNemec_ReplicateLayout.action_replicate_layout 163:Replication complete
