T0F2C 635:408.593   SEGGER J-Link V7.52a Log File
T0F2C 635:408.648   DLL Compiled: Jul 28 2021 11:08:12
T0F2C 635:408.662   Logging started @ 2023-05-22 15:46
T0F2C 635:408.674 - 37.134ms
T0F2C 635:408.691 JLINK_ExecCommand("device = ATSAMD21J15B", ...). 
T0F2C 635:408.810   Device "ATSAMD21J15" selected.
T0F2C 635:409.065 - 0.371ms returns 0x00
T0F2C 635:409.088 JLINK_GetHWStatus(...)
T0F2C 635:409.718 - 0.659ms returns 0
T0F2C 635:409.758 JLINK_ClrRESET()
T0F2C 635:411.348 - 1.615ms
T0F2C 635:418.602 JLINK_SetRESET()
T0F2C 635:418.976 - 0.402ms
T0F2C 635:424.149 JLINK_ClrRESET()
T0F2C 635:425.009 - 0.888ms
T0F2C 635:430.085 JLINK_ClrTCK()
T0F2C 635:430.119 - 0.041ms returns -1
T0F2C 635:436.626 JLINK_SetRESET()
T0F2C 635:438.566 - 1.944ms
T0F2C 635:444.943 JLINK_Clock()
T0F2C 635:445.213 - 0.274ms returns 0
T0F2C 635:451.408 JLINK_TIF_Select(JLINKARM_TIF_SWD)
T0F2C 635:454.558 - 3.155ms returns 0x00
T0F2C 635:454.568 JLINK_SetSpeed(50)
T0F2C 635:454.919 - 0.354ms
T0F2C 635:454.926 JLINK_CORESIGHT_Configure()
T0F2C 635:468.983 - 14.074ms returns 0
T0F2C 635:469.044 JLINK_CORESIGHT_WriteAPDPReg(DP reg 0x02, 0x00000000)
T0F2C 635:472.101 - 3.075ms returns 0
T0F2C 635:472.126 JLINK_CORESIGHT_WriteAPDPReg(AP reg 0x00, 0x23000040)
T0F2C 635:475.066 - 2.951ms returns 0
T0F2C 635:475.092 JLINK_CORESIGHT_WriteAPDPReg(AP reg 0x01, 0x41002101)
T0F2C 635:479.801 - 4.722ms returns 0
T0F2C 635:479.820 JLINK_CORESIGHT_ReadAPDPReg(AP reg 0x03)
T0F2C 635:491.461   Value=0x00000000
T0F2C 635:491.482 - 11.664ms returns 0
T0F2C 635:491.531 JLINK_Halt()
T0F2C 635:491.858   InitTarget() start
T0F2C 635:491.870    J-Link Script File: Executing InitTarget()
T0F2C 635:491.882   InitTarget()
T0F2C 635:555.575   InitTarget() end
T0F2C 635:563.661   Found SW-DP with ID 0x0BC11477
T0F2C 635:588.845   Old FW that does not support reading DPIDR via DAP jobs
T0F2C 635:616.417   DPv0 detected
T0F2C 635:616.441   Scanning AP map to find all available APs
T0F2C 635:632.591   AP[1]: Stopped AP scan as end of AP map has been reached
T0F2C 635:632.614   AP[0]: AHB-AP (IDR: 0x04770031)
T0F2C 635:632.626   Iterating through AP map to find AHB-AP to use
T0F2C 635:661.681   AP[0]: Core found
T0F2C 635:661.715   AP[0]: AHB-AP ROM base: 0x41003000
T0F2C 635:675.354   CPUID register: 0x410CC601. Implementer code: 0x41 (ARM)
T0F2C 635:675.376   Found Cortex-M0 r0p1, Little endian.
T0F2C 635:777.169   -- Max. mem block: 0x00000A78
T0F2C 635:777.516   CPU_ReadMem(4 bytes @ 0xE000EDF0)
T0F2C 635:785.977   CPU_ReadMem(4 bytes @ 0xE0002000)
T0F2C 635:793.826   FPUnit: 4 code (BP) slots and 0 literal slots
T0F2C 635:793.846   CPU_ReadMem(4 bytes @ 0xE000EDFC)
T0F2C 635:802.332   CPU_ReadMem(4 bytes @ 0xE0001000)
T0F2C 635:810.032   CPU_WriteMem(4 bytes @ 0xE0001000)
T0F2C 635:818.528   CoreSight components:
T0F2C 635:818.556   ROMTbl[0] @ 41003000
T0F2C 635:818.568   CPU_ReadMem(64 bytes @ 0x41003000)
T0F2C 635:844.954   CPU_ReadMem(32 bytes @ 0xE00FFFE0)
T0F2C 635:862.435   ROMTbl[0][0]: E00FF000, CID: B105100D, PID: 000BB4C0 ROM Table
T0F2C 635:862.460   ROMTbl[1] @ E00FF000
T0F2C 635:862.468   CPU_ReadMem(64 bytes @ 0xE00FF000)
T0F2C 635:888.923   CPU_ReadMem(32 bytes @ 0xE000EFE0)
T0F2C 635:905.735   ROMTbl[1][0]: E000E000, CID: B105E00D, PID: 000BB008 SCS
T0F2C 635:905.752   CPU_ReadMem(32 bytes @ 0xE0001FE0)
T0F2C 635:923.277   ROMTbl[1][1]: E0001000, CID: B105E00D, PID: 000BB00A DWT
T0F2C 635:923.290   CPU_ReadMem(32 bytes @ 0xE0002FE0)
T0F2C 635:940.126   ROMTbl[1][2]: E0002000, CID: B105E00D, PID: 000BB00B FPB
T0F2C 635:940.148   CPU_ReadMem(32 bytes @ 0x41006FE0)
T0F2C 635:957.107   ROMTbl[0][1]: 41006000, CID: B105900D, PID: 001BB932 MTB-M0+
T0F2C 636:090.475 - 598.964ms returns 0x00
T0F2C 636:090.506 JLINK_EraseChip()
T0F2C 636:090.515   Old firmware which does not support pausing periodic actions during flash download
T0F2C 636:090.529   CPU_ReadMem(4 bytes @ 0x41006004)
T0F2C 636:099.082   CPU_ReadMem(4 bytes @ 0xE000ED90)
T0F2C 636:107.219    -- --------------------------------------
T0F2C 636:107.271    -- Start of determining dirty areas
T0F2C 636:107.289    -- End of determining dirty areas
T0F2C 636:107.296    -- Start of preparing flash programming
T0F2C 636:107.302    -- Calculating RAM usage
T0F2C 636:107.326    -- RAM usage = 3876 Bytes
T0F2C 636:107.332    -- Preserving CPU registers
T0F2C 636:107.348    -- Preparing memory
T0F2C 636:107.354    -- Preparing target
T0F2C 636:107.359    -- Downloading RAMCode
T0F2C 637:038.191    -- Preparing RAMCode
T0F2C 637:261.943    -- Checking target RAM
T0F2C 637:307.598    -- End of preparing flash programming
T0F2C 637:307.724   Looking for J-Link GUI Server exe at: C:\Program Files (x86)\Atmel\Studio\7.0\atbackend\JLinkGUIServer.exe
T0F2C 637:307.758   Looking for J-Link GUI Server exe at: C:\Program Files\SEGGER\JLink\JLinkGUIServer.exe
T0F2C 637:307.778   Forking J-Link GUI Server: C:\Program Files\SEGGER\JLink\JLinkGUIServer.exe
T0F2C 637:310.666   J-Link GUI Server info: "J-Link GUI server V7.66d "
T0F2C 637:312.396    -- CPU speed could not be measured.
T0F2C 637:312.425    -- Start of erasing sectors
T0F2C 637:312.431    -- Erasing range 0x00000000 - 0x00007FFF (128 Sectors, 32 KB)
T0F2C 637:512.744    -- End of erasing sectors
T0F2C 637:512.773    -- Start of restoring
T0F2C 637:512.781    -- Restoring RAMCode
T0F2C 637:681.937    -- Restore target
T0F2C 637:681.959    -- Restore memory
T0F2C 637:681.964    -- Restoring CPU registers
T0F2C 637:681.976    -- End of restoring
T0F2C 637:682.021    -- Total time needed: 1.574s (Prepare: 1.205s, Compare: 0.000s, Erase: 0.200s, Program: 0.000s, Verify: 0.000s, Restore: 0.169s)
T0F2C 637:686.604    -- --------------------------------------
T0F2C 637:686.628    -- Start of determining dirty areas
T0F2C 637:686.638    -- End of determining dirty areas
T0F2C 637:686.643    -- Start of preparing flash programming
T0F2C 637:686.648    -- Calculating RAM usage
T0F2C 637:686.659    -- RAM usage = 2852 Bytes
T0F2C 637:686.664    -- Preserving CPU registers
T0F2C 637:686.679    -- Preparing memory
T0F2C 637:686.684    -- Preparing target
T0F2C 637:686.688    -- Downloading RAMCode
T0F2C 638:561.636    -- Preparing RAMCode
T0F2C 638:865.932    -- Checking target RAM
T0F2C 638:899.599    -- End of preparing flash programming
T0F2C 638:900.978    -- CPU speed could not be measured.
T0F2C 638:900.993    -- Start of erasing sectors
T0F2C 638:900.999    -- Erasing range 0x00804000 - 0x008040FF (  1 Sector, 256 Bytes)
T0F2C 638:944.731    -- End of erasing sectors
T0F2C 638:944.750    -- Start of restoring
T0F2C 638:944.756    -- Restoring RAMCode
T0F2C 639:114.421    -- Restore target
T0F2C 639:114.442    -- Restore memory
T0F2C 639:114.447    -- Restoring CPU registers
T0F2C 639:114.459    -- End of restoring
T0F2C 639:114.506    -- Total time needed: 1.427s (Prepare: 1.214s, Compare: 0.000s, Erase: 0.043s, Program: 0.000s, Verify: 0.000s, Restore: 0.169s)
T0F2C 639:118.466 - 3027.971ms returns 0
T0F2C 639:132.913 JLINK_ExecCommand("Device = ATSAMD21J15B", ...). 
T0F2C 639:133.050   Device "ATSAMD21J15" selected.
T0F2C 639:133.274 - 0.351ms returns 0x00
T0F2C 639:133.285 JLINK_TIF_Select(JLINKARM_TIF_SWD)
T0F2C 639:133.289 - 0.005ms returns 0x00
T0F2C 639:133.293 JLINK_SetSpeed(4000)
T0F2C 639:133.788 - 0.497ms
T0F2C 639:133.794 JLINK_ResetPullsRESET(OFF)
T0F2C 639:133.797 - 0.005ms
T0F2C 639:133.801 JLINK_Connect()
T0F2C 639:134.305   InitTarget() start
T0F2C 639:134.311    J-Link Script File: Executing InitTarget()
T0F2C 639:134.320   InitTarget()
T0F2C 639:148.716   InitTarget() end
T0F2C 639:150.146   Found SW-DP with ID 0x0BC11477
T0F2C 639:160.469   Old FW that does not support reading DPIDR via DAP jobs
T0F2C 639:171.219   DPv0 detected
T0F2C 639:171.251   AP map detection skipped. Manually configured AP map found.
T0F2C 639:171.261   AP[0]: AHB-AP (IDR: Not set)
T0F2C 639:181.960   AP[0]: Core found
T0F2C 639:181.976   AP[0]: AHB-AP ROM base: 0x41003000
T0F2C 639:188.633   CPUID register: 0x410CC601. Implementer code: 0x41 (ARM)
T0F2C 639:188.648   Found Cortex-M0 r0p1, Little endian.
T0F2C 639:289.986   -- Max. mem block: 0x00000A40
T0F2C 639:290.028   CPU_ReadMem(4 bytes @ 0xE000EDF0)
T0F2C 639:291.002   CPU_ReadMem(4 bytes @ 0xE0002000)
T0F2C 639:291.836   FPUnit: 4 code (BP) slots and 0 literal slots
T0F2C 639:291.846   CPU_ReadMem(4 bytes @ 0xE000EDFC)
T0F2C 639:293.045   CPU_ReadMem(4 bytes @ 0xE0001000)
T0F2C 639:293.588   CoreSight components:
T0F2C 639:293.598   ROMTbl[0] @ 41003000
T0F2C 639:293.603   CPU_ReadMem(64 bytes @ 0x41003000)
T0F2C 639:294.997   CPU_ReadMem(32 bytes @ 0xE00FFFE0)
T0F2C 639:296.513   ROMTbl[0][0]: E00FF000, CID: B105100D, PID: 000BB4C0 ROM Table
T0F2C 639:296.522   ROMTbl[1] @ E00FF000
T0F2C 639:296.527   CPU_ReadMem(64 bytes @ 0xE00FF000)
T0F2C 639:297.975   CPU_ReadMem(32 bytes @ 0xE000EFE0)
T0F2C 639:299.690   ROMTbl[1][0]: E000E000, CID: B105E00D, PID: 000BB008 SCS
T0F2C 639:299.697   CPU_WriteMem(4 bytes @ 0xE0001000)
T0F2C 639:300.451   CPU_ReadMem(32 bytes @ 0xE0001FE0)
T0F2C 639:302.402   ROMTbl[1][1]: E0001000, CID: B105E00D, PID: 000BB00A DWT
T0F2C 639:302.431   CPU_ReadMem(32 bytes @ 0xE0002FE0)
T0F2C 639:303.340   ROMTbl[1][2]: E0002000, CID: B105E00D, PID: 000BB00B FPB
T0F2C 639:303.346   CPU_ReadMem(32 bytes @ 0x41006FE0)
T0F2C 639:304.653   ROMTbl[0][1]: 41006000, CID: B105900D, PID: 001BB932 MTB-M0+
T0F2C 639:304.668 - 170.869ms returns 0x00
T0F2C 639:304.708 JLINK_Halt()
T0F2C 639:305.888 - 1.188ms returns 0x00
T0F2C 639:306.670 JLINK_JTAG_GetDeviceID(DeviceIndex = 0)
T0F2C 639:306.696 - 0.028ms returns 0
T0F2C 639:306.702 JLINK_ReadMemU32(0x41002018, 0x1 Items)
T0F2C 639:306.727   CPU_ReadMem(4 bytes @ 0x41002018)
T0F2C 639:307.638   Data:  21 15 01 10
T0F2C 639:307.646 - 0.945ms returns 1 (0x1)
T0F00 639:315.794 JLINK_IsHalted()
T0F00 639:315.839 - 0.047ms returns TRUE
T0F00 639:315.845 JLINK_GetMOEs(...)
T0F00 639:315.852   CPU_ReadMem(4 bytes @ 0xE000ED30)
T0F00 639:316.534 - 0.692ms returns 0x01
T0F00 639:316.543 JLINK_ReadReg(R15 (PC))
T0F00 639:316.549 - 0.008ms returns 0x00000664
T0F2C 639:331.477 JLINK_BeginDownload(Flags = 0x00000000)
T0F2C 639:331.493 - 0.018ms
T0F2C 639:331.506 JLINK_WriteMem(0x00000000, 0x5B80 Bytes, ...)
T0F2C 639:331.512   Data:  28 09 00 20 65 06 00 00 01 2C 00 00 61 06 00 00 ...
T0F2C 639:331.749   completely In flash
T0F2C 639:331.781    -- Read from flash cache (23424 bytes @ 0x00000000)
T0F2C 639:331.793 - 0.289ms returns 0x5B80
T0F2C 639:331.943 JLINK_WriteMem(0x00005B80, 0x8 Bytes, ...)
T0F2C 639:331.949   Data:  B4 F9 FF 7F 01 00 00 00
T0F2C 639:331.966   completely In flash
T0F2C 639:331.971 - 0.029ms returns 0x8
T0F2C 639:332.023 JLINK_WriteMem(0x00005B88, 0x3F8 Bytes, ...)
T0F2C 639:332.028   Data:  09 00 00 02 7F 7F 7F 7F 7F 7F 7F 7F 01 00 01 00 ...
T0F2C 639:332.033   completely In flash
T0F2C 639:332.039    -- Read from flash cache (1016 bytes @ 0x00005B88)
T0F2C 639:332.045 - 0.023ms returns 0x3F8
T0F2C 639:343.642 JLINK_EndDownload()
T0F2C 639:343.656   Old firmware which does not support pausing periodic actions during flash download
T0F2C 639:343.681   CPU_ReadMem(4 bytes @ 0x41006004)
T0F2C 639:344.597   CPU_ReadMem(4 bytes @ 0xE000ED90)
T0F2C 639:345.344    -- --------------------------------------
T0F2C 639:345.352   Flash bank @ 0x00000000: Default: L2 verify disabled because algorithm performs L1 verify
T0F2C 639:345.358    -- Start of determining dirty areas in flash cache
T0F2C 639:345.372    -- End of determining dirty areas
T0F2C 639:345.380    -- Start of preparing flash programming
T0F2C 639:345.385    -- Calculating RAM usage
T0F2C 639:345.396    -- RAM usage = 3876 Bytes
T0F2C 639:345.401    -- Preserving CPU registers
T0F2C 639:345.414    -- Preparing memory
T0F2C 639:345.419    -- Preparing target
T0F2C 639:345.424    -- Preserving target RAM temporarily used for programming
T0F2C 639:400.455    -- Downloading RAMCode
T0F2C 639:447.534    -- Preparing RAMCode
T0F2C 639:466.911    -- Checking target RAM
T0F2C 639:481.849    -- End of preparing flash programming
T0F2C 639:483.250    -- CPU speed could not be measured.
T0F2C 639:483.269    -- Start of comparing flash
T0F2C 639:483.274    -- CRC check was estimated as fastest method
T0F2C 639:493.261    -- Comparing range 0x0000 - 0x5FFF (96 Sectors, 24 KiB), using multi-block CRC calculation
T0F2C 639:565.487    -- CRC does not match for sectors 0-95
T0F2C 639:565.506    -- End of comparing flash
T0F2C 639:565.512    -- Start of erasing sectors
T0F2C 639:565.517    -- End of erasing sectors
T0F2C 639:565.522    -- Start of flash programming
T0F2C 639:565.529    -- Programming range 0x00000000 - 0x00005FFF ( 96 Sectors, 24 KB)
T0F2C 640:063.841    -- End of flash programming
T0F2C 640:063.864    -- 0x0000 - 0x5FFF ( 96 Sectors, 24 KoB)
T0F2C 640:063.870    -- Start of restoring
T0F2C 640:063.876    -- Restoring RAMCode
T0F2C 640:109.568    -- Restoring target memory
T0F2C 640:176.281    -- Restore target
T0F2C 640:176.305    -- Restore memory
T0F2C 640:176.310    -- Restoring CPU registers
T0F2C 640:176.325    -- End of restoring
T0F2C 640:176.370    -- Bank 0 @ 0x00000000: 1 range affected (24576 bytes)
T0F2C 640:176.383    -- Total: 0.830s (Prepare: 0.137s, Compare: 0.082s, Erase: 0.000s, Program & Verify: 0.534s, Restore: 0.076s)
T0F2C 640:176.393    -- Program & Verify speed: 45 KiB/s
T0F2C 640:180.668 - 837.035ms returns 24576 (0x6000)
T0F2C 640:180.718 JLINK_SetResetType(JLINKARM_CM3_RESET_TYPE_NORMAL)
T0F2C 640:180.722 - 0.006ms returns JLINKARM_CM3_RESET_TYPE_NORMAL
T0F2C 640:180.727 JLINK_Reset()
T0F2C 640:180.738   CPU_ReadMem(4 bytes @ 0x20000000)
T0F2C 640:182.561   CPU_WriteMem(4 bytes @ 0x20000000)
T0F2C 640:183.145   ResetTarget() start
T0F2C 640:183.152    J-Link Script File: Executing ResetTarget()
T0F2C 640:183.963   CPU_ReadMem(4 bytes @ 0xE000EDFC)
T0F2C 640:185.644   CPU_WriteMem(4 bytes @ 0xE000EDFC)
T0F2C 640:186.613   CPU_WriteMem(4 bytes @ 0xE000ED0C)
T0F2C 640:189.036   CPU_ReadMem(4 bytes @ 0xE000EDF0)
T0F2C 640:189.936   CPU_ReadMem(4 bytes @ 0x41002100)
T0F2C 640:191.132   CPU_WriteMem(4 bytes @ 0xE000EDFC)
T0F2C 640:192.193   ResetTarget() end
T0F2C 640:199.320   CPU_WriteMem(4 bytes @ 0xE0002000)
T0F2C 640:200.081   CPU_ReadMem(4 bytes @ 0xE000EDFC)
T0F2C 640:201.697   CPU_ReadMem(4 bytes @ 0xE0001000)
T0F2C 640:202.346   CPU_WriteMem(4 bytes @ 0xE0001000)
T0F2C 640:203.082 - 22.360ms
T0AB8 640:308.963 JLINK_Halt()
T0AB8 640:308.979 - 0.018ms returns 0x00
T0AB8 640:309.003 JLINK_ReadReg(R15 (PC))
T0AB8 640:309.012 - 0.011ms returns 0x00000664
T0AB8 640:309.024 JLINK_ReadReg(R13 (SP))
T0AB8 640:309.028 - 0.005ms returns 0x20000928
T0AB8 640:311.730 JLINK_ReadMemHW(0x00000664, 0x0004 Bytes, ...)
T0AB8 640:311.744   CPU_ReadMem(4 bytes @ 0x00000664)
T0AB8 640:312.559   Data:  F8 B5 23 4A
T0AB8 640:312.565 - 0.836ms returns 0
T0AB8 640:312.682 JLINK_ReadReg(R0)
T0AB8 640:312.688 - 0.008ms returns 0x0000000C
T0AB8 640:312.694 JLINK_ReadReg(R1)
T0AB8 640:312.698 - 0.005ms returns 0x00000000
T0AB8 640:312.703 JLINK_ReadReg(R2)
T0AB8 640:312.707 - 0.005ms returns 0x00000000
T0AB8 640:312.712 JLINK_ReadReg(R3)
T0AB8 640:312.715 - 0.005ms returns 0x00005C00
T0AB8 640:312.720 JLINK_ReadReg(R4)
T0AB8 640:312.724 - 0.005ms returns 0x20000694
T0AB8 640:312.729 JLINK_ReadReg(R5)
T0AB8 640:312.732 - 0.005ms returns 0x200006B4
T0AB8 640:312.737 JLINK_ReadReg(R6)
T0AB8 640:312.741 - 0.005ms returns 0x200006B4
T0AB8 640:312.746 JLINK_ReadReg(R7)
T0AB8 640:312.749 - 0.005ms returns 0x0000000C
T0AB8 640:312.755 JLINK_ReadReg(R8)
T0AB8 640:312.758 - 0.005ms returns 0xEAE0BB9F
T0AB8 640:312.763 JLINK_ReadReg(R9)
T0AB8 640:312.766 - 0.005ms returns 0xA2BA7EB9
T0AB8 640:312.772 JLINK_ReadReg(R10)
T0AB8 640:312.776 - 0.005ms returns 0xE3ABDA59
T0AB8 640:312.781 JLINK_ReadReg(R11)
T0AB8 640:312.784 - 0.005ms returns 0x32B5D7FF
T0AB8 640:312.789 JLINK_ReadReg(R12)
T0AB8 640:312.793 - 0.005ms returns 0x20000618
T0AB8 640:312.798 JLINK_ReadReg(R13 (SP))
T0AB8 640:312.802 - 0.005ms returns 0x20000928
T0AB8 640:312.807 JLINK_ReadReg(R14)
T0AB8 640:312.810 - 0.043ms returns 0x20000341
T0AB8 640:312.856 JLINK_ReadReg(R15 (PC))
T0AB8 640:312.860 - 0.005ms returns 0x00000664
T0AB8 640:312.872 JLINK_ReadReg(XPSR)
T0AB8 640:312.875 - 0.005ms returns 0x81000000
T0AB8 640:312.880 JLINK_ReadReg(MSP)
T0AB8 640:312.884 - 0.005ms returns 0x20000928
T0AB8 640:312.889 JLINK_ReadReg(PSP)
T0AB8 640:312.893 - 0.005ms returns 0x954FD2B0
T0AB8 640:312.898 JLINK_ReadReg(PRIMASK)
T0AB8 640:312.901 - 0.005ms returns 0x00000000
T0AB8 640:312.907 JLINK_ReadReg(BASEPRI)
T0AB8 640:312.910 - 0.005ms returns 0x00000000
T0AB8 640:312.917 JLINK_ReadReg(FAULTMASK)
T0AB8 640:312.920 - 0.005ms returns 0x00000000
T0AB8 640:312.925 JLINK_ReadReg(CONTROL)
T0AB8 640:312.929 - 0.005ms returns 0x00000000
T0AB8 640:313.046 JLINK_ReadMemHW(0x00000664, 0x0002 Bytes, ...)
T0AB8 640:313.053   CPU_ReadMem(2 bytes @ 0x00000664)
T0AB8 640:313.786   Data:  F8 B5
T0AB8 640:313.791 - 0.746ms returns 0
T0F00 640:319.434 JLINK_IsHalted()
T0F00 640:319.444 - 0.012ms returns TRUE
T0AB8 640:332.526 JLINK_ReadReg(R0)
T0AB8 640:332.544 - 0.020ms returns 0x0000000C
T0AB8 640:332.552 JLINK_ReadReg(R1)
T0AB8 640:332.556 - 0.005ms returns 0x00000000
T0AB8 640:332.561 JLINK_ReadReg(R2)
T0AB8 640:332.565 - 0.005ms returns 0x00000000
T0AB8 640:332.570 JLINK_ReadReg(R3)
T0AB8 640:332.573 - 0.005ms returns 0x00005C00
T0AB8 640:332.598 JLINK_ReadReg(R4)
T0AB8 640:332.602 - 0.005ms returns 0x20000694
T0AB8 640:332.607 JLINK_ReadReg(R5)
T0AB8 640:332.610 - 0.005ms returns 0x200006B4
T0AB8 640:332.616 JLINK_ReadReg(R6)
T0AB8 640:332.619 - 0.005ms returns 0x200006B4
T0AB8 640:332.624 JLINK_ReadReg(R7)
T0AB8 640:332.628 - 0.005ms returns 0x0000000C
T0AB8 640:332.633 JLINK_ReadReg(R8)
T0AB8 640:332.636 - 0.005ms returns 0xEAE0BB9F
T0AB8 640:332.641 JLINK_ReadReg(R9)
T0AB8 640:332.645 - 0.005ms returns 0xA2BA7EB9
T0AB8 640:332.650 JLINK_ReadReg(R10)
T0AB8 640:332.653 - 0.005ms returns 0xE3ABDA59
T0AB8 640:332.658 JLINK_ReadReg(R11)
T0AB8 640:332.662 - 0.005ms returns 0x32B5D7FF
T0AB8 640:332.667 JLINK_ReadReg(R12)
T0AB8 640:332.670 - 0.005ms returns 0x20000618
T0AB8 640:332.675 JLINK_ReadReg(R13 (SP))
T0AB8 640:332.684 - 0.009ms returns 0x20000928
T0AB8 640:332.689 JLINK_ReadReg(R14)
T0AB8 640:332.692 - 0.005ms returns 0x20000341
T0AB8 640:332.697 JLINK_ReadReg(R15 (PC))
T0AB8 640:332.701 - 0.005ms returns 0x00000664
T0AB8 640:332.712 JLINK_ReadReg(XPSR)
T0AB8 640:332.716 - 0.005ms returns 0x81000000
T0AB8 640:332.721 JLINK_ReadReg(MSP)
T0AB8 640:332.725 - 0.005ms returns 0x20000928
T0AB8 640:332.730 JLINK_ReadReg(PSP)
T0AB8 640:332.733 - 0.005ms returns 0x954FD2B0
T0AB8 640:332.738 JLINK_ReadReg(PRIMASK)
T0AB8 640:332.742 - 0.005ms returns 0x00000000
T0AB8 640:332.747 JLINK_ReadReg(BASEPRI)
T0AB8 640:332.751 - 0.005ms returns 0x00000000
T0AB8 640:332.756 JLINK_ReadReg(FAULTMASK)
T0AB8 640:332.759 - 0.005ms returns 0x00000000
T0AB8 640:332.765 JLINK_ReadReg(CONTROL)
T0AB8 640:332.768 - 0.005ms returns 0x00000000
T0AB8 640:345.501 JLINK_ReadMemHW(0x00000664, 0x0004 Bytes, ...)
T0AB8 640:345.522   CPU_ReadMem(4 bytes @ 0x00000664)
T0AB8 640:346.274   Data:  F8 B5 23 4A
T0AB8 640:346.286 - 0.787ms returns 0
T0AB8 640:360.076 JLINK_SetResetType(JLINKARM_CM3_RESET_TYPE_NORMAL)
T0AB8 640:360.090 - 0.016ms returns JLINKARM_CM3_RESET_TYPE_NORMAL
T0AB8 640:360.095 JLINK_Reset()
T0AB8 640:360.121   ResetTarget() start
T0AB8 640:360.127    J-Link Script File: Executing ResetTarget()
T0AB8 640:360.138   CPU_ReadMem(4 bytes @ 0xE000EDFC)
T0AB8 640:361.764   CPU_WriteMem(4 bytes @ 0xE000EDFC)
T0AB8 640:362.570   CPU_WriteMem(4 bytes @ 0xE000ED0C)
T0AB8 640:365.004   CPU_ReadMem(4 bytes @ 0xE000EDF0)
T0AB8 640:366.019   CPU_ReadMem(4 bytes @ 0x41002100)
T0AB8 640:366.728   CPU_WriteMem(4 bytes @ 0xE000EDFC)
T0AB8 640:368.221   ResetTarget() end
T0AB8 640:375.186   CPU_WriteMem(4 bytes @ 0xE0002000)
T0AB8 640:376.008   CPU_ReadMem(4 bytes @ 0xE000EDFC)
T0AB8 640:377.682   CPU_ReadMem(4 bytes @ 0xE0001000)
T0AB8 640:378.261   CPU_WriteMem(4 bytes @ 0xE0001000)
T0AB8 640:379.002 - 18.913ms
T0F00 640:379.064 JLINK_IsHalted()
T0F00 640:379.077 - 0.014ms returns TRUE
T0F00 640:379.140 JLINK_GetMOEs(...)
T0F00 640:379.147   CPU_ReadMem(4 bytes @ 0xE000ED30)
T0F00 640:379.821 - 0.684ms returns 0x01
T0F00 640:379.829 JLINK_ReadReg(R15 (PC))
T0F00 640:379.836 - 0.008ms returns 0x00000664
T0AB8 640:389.654 JLINK_ReadReg(R15 (PC))
T0AB8 640:389.665 - 0.012ms returns 0x00000664
T0AB8 640:389.671 JLINK_ReadReg(R13 (SP))
T0AB8 640:389.675 - 0.005ms returns 0x20000928
T0AB8 640:389.907 JLINK_ReadMemHW(0x00000664, 0x0004 Bytes, ...)
T0AB8 640:389.917   CPU_ReadMem(4 bytes @ 0x00000664)
T0AB8 640:390.830   Data:  F8 B5 23 4A
T0AB8 640:390.837 - 0.931ms returns 0
T0AB8 640:407.570 JLINK_ReadReg(R0)
T0AB8 640:407.600 - 0.031ms returns 0x0000000C
T0AB8 640:407.607 JLINK_ReadReg(R1)
T0AB8 640:407.611 - 0.005ms returns 0x00000000
T0AB8 640:407.616 JLINK_ReadReg(R2)
T0AB8 640:407.620 - 0.005ms returns 0x00000000
T0AB8 640:407.625 JLINK_ReadReg(R3)
T0AB8 640:407.628 - 0.005ms returns 0x00005C00
T0AB8 640:407.634 JLINK_ReadReg(R4)
T0AB8 640:407.637 - 0.005ms returns 0x20000694
T0AB8 640:407.643 JLINK_ReadReg(R5)
T0AB8 640:407.646 - 0.005ms returns 0x200006B4
T0AB8 640:407.651 JLINK_ReadReg(R6)
T0AB8 640:407.655 - 0.005ms returns 0x200006B4
T0AB8 640:407.661 JLINK_ReadReg(R7)
T0AB8 640:407.664 - 0.005ms returns 0x0000000C
T0AB8 640:407.669 JLINK_ReadReg(R8)
T0AB8 640:407.673 - 0.005ms returns 0xEAE0BB9F
T0AB8 640:407.678 JLINK_ReadReg(R9)
T0AB8 640:407.682 - 0.005ms returns 0xA2BA7EB9
T0AB8 640:407.687 JLINK_ReadReg(R10)
T0AB8 640:407.691 - 0.005ms returns 0xE3ABDA59
T0AB8 640:407.696 JLINK_ReadReg(R11)
T0AB8 640:407.699 - 0.005ms returns 0x32B5D7FF
T0AB8 640:407.705 JLINK_ReadReg(R12)
T0AB8 640:407.708 - 0.005ms returns 0x20000618
T0AB8 640:407.713 JLINK_ReadReg(R13 (SP))
T0AB8 640:407.717 - 0.005ms returns 0x20000928
T0AB8 640:407.723 JLINK_ReadReg(R14)
T0AB8 640:407.726 - 0.005ms returns 0x20000341
T0AB8 640:407.731 JLINK_ReadReg(R15 (PC))
T0AB8 640:407.735 - 0.005ms returns 0x00000664
T0AB8 640:407.747 JLINK_ReadReg(XPSR)
T0AB8 640:407.750 - 0.005ms returns 0x81000000
T0AB8 640:407.756 JLINK_ReadReg(MSP)
T0AB8 640:407.759 - 0.005ms returns 0x20000928
T0AB8 640:407.764 JLINK_ReadReg(PSP)
T0AB8 640:407.768 - 0.005ms returns 0x954FD2B0
T0AB8 640:407.773 JLINK_ReadReg(PRIMASK)
T0AB8 640:407.777 - 0.005ms returns 0x00000000
T0AB8 640:407.782 JLINK_ReadReg(BASEPRI)
T0AB8 640:407.786 - 0.005ms returns 0x00000000
T0AB8 640:407.791 JLINK_ReadReg(FAULTMASK)
T0AB8 640:407.795 - 0.005ms returns 0x00000000
T0AB8 640:407.800 JLINK_ReadReg(CONTROL)
T0AB8 640:407.804 - 0.005ms returns 0x00000000
T0AB8 640:408.093 JLINK_ReadMem(0x20000340, 0x4 Bytes, ...)
T0AB8 640:408.129   CPU_ReadMem(64 bytes @ 0x20000340)
T0AB8 640:410.437    -- Updating C cache (64 bytes @ 0x20000340)
T0AB8 640:410.448    -- Read from C cache (4 bytes @ 0x20000340)
T0AB8 640:410.453   Data:  01 BD 00 00
T0AB8 640:410.458 - 2.366ms returns 0
T0AB8 640:410.739 JLINK_ReadMem(0x200000F0, 0x2 Bytes, ...)
T0AB8 640:410.754   CPU_ReadMem(64 bytes @ 0x200000C0)
T0AB8 640:413.090    -- Updating C cache (64 bytes @ 0x200000C0)
T0AB8 640:413.099    -- Read from C cache (2 bytes @ 0x200000F0)
T0AB8 640:413.108   Data:  1C D4
T0AB8 640:413.113 - 2.375ms returns 0
T0AB8 640:413.440 JLINK_ReadMem(0x20000340, 0x4 Bytes, ...)
T0AB8 640:413.449    -- Read from C cache (4 bytes @ 0x20000340)
T0AB8 640:413.454   Data:  01 BD 00 00
T0AB8 640:413.459 - 0.020ms returns 0
T0AB8 640:413.541 JLINK_ReadMem(0x200000F0, 0x2 Bytes, ...)
T0AB8 640:413.547    -- Read from C cache (2 bytes @ 0x200000F0)
T0AB8 640:413.552   Data:  1C D4
T0AB8 640:413.557 - 0.017ms returns 0
T0AB8 640:453.692 JLINK_ReadMemHW(0x00002DB4, 0x0001 Bytes, ...)
T0AB8 640:453.721   CPU_ReadMem(1 bytes @ 0x00002DB4)
T0AB8 640:454.643   Data:  10
T0AB8 640:454.653 - 0.963ms returns 0
T0AB8 640:501.815 JLINK_ReadReg(R15 (PC))
T0AB8 640:501.835 - 0.022ms returns 0x00000664
T0AB8 640:501.954 JLINK_GetNumBPUnits(Type = 0xFFFFFF02)
T0AB8 640:501.963 - 0.012ms returns 0x04
T0AB8 640:501.970 JLINK_SetBPEx(Addr = 0x00002DB4, Type = 0xFFFFFFF2)
T0AB8 640:501.976 - 0.007ms returns 0x00000001
T0AB8 640:501.983 JLINK_GetBPInfo(BPHandle = 1)
T0AB8 640:501.986 - 0.005ms returns 0x0
T0AB8 640:502.075 JLINK_Go()
T0AB8 640:502.089   CPU_WriteMem(4 bytes @ 0xE0002000)
T0AB8 640:502.930   CPU_ReadMem(4 bytes @ 0xE0001000)
T0AB8 640:503.794   CPU_WriteMem(4 bytes @ 0xE000ED30)
T0AB8 640:505.534   CPU_WriteMem(4 bytes @ 0xE0001000)
T0AB8 640:505.545   CPU_WriteMem(4 bytes @ 0xE0002008)
T0AB8 640:505.550   CPU_WriteMem(4 bytes @ 0xE000200C)
T0AB8 640:505.556   CPU_WriteMem(4 bytes @ 0xE0002010)
T0AB8 640:505.561   CPU_WriteMem(4 bytes @ 0xE0002014)
T0AB8 640:508.808   CPU_WriteMem(4 bytes @ 0xE0001004)
T0AB8 640:510.538 - 8.466ms
T0F00 640:510.595 JLINK_IsHalted()
T0F00 640:512.215   CPU_ReadMem(4 bytes @ 0x41002100)
T0F00 640:512.822 - 2.242ms returns FALSE
T0F00 640:533.639 JLINK_IsHalted()
T0F00 640:540.869 - 7.236ms returns TRUE
T0F00 640:540.882 JLINK_GetMOEs(...)
T0F00 640:540.889   CPU_ReadMem(4 bytes @ 0xE000ED30)
T0F00 640:541.816 - 0.945ms returns 0x01
T0F00 640:541.835 JLINK_ReadReg(R15 (PC))
T0F00 640:541.841 - 0.007ms returns 0x00002DB4
T0AB8 640:552.412 JLINK_ReadReg(R15 (PC))
T0AB8 640:552.425 - 0.015ms returns 0x00002DB4
T0AB8 640:552.433 JLINK_ReadReg(R13 (SP))
T0AB8 640:552.437 - 0.005ms returns 0x20000910
T0AB8 640:552.751 JLINK_ReadMemHW(0x00002DB4, 0x0004 Bytes, ...)
T0AB8 640:552.761   CPU_ReadMem(4 bytes @ 0x00002DB4)
T0AB8 640:553.790   Data:  10 B5 02 4B
T0AB8 640:553.803 - 1.053ms returns 0
T0AB8 640:581.416 JLINK_WriteU32_64(0xE000EDFC, 0x01000000)
T0AB8 640:581.434   Debug reg: DEMCR
T0AB8 640:581.710   CPU_WriteMem(4 bytes @ 0xE000EDFC)
T0AB8 640:582.647 - 1.242ms returns 0 (0x00000000)
T0AB8 640:582.664 JLINK_ReadMem(0xE0001000, 0x4 Bytes, ...)
T0AB8 640:582.672   CPU_ReadMem(4 bytes @ 0xE0001000)
T0AB8 640:583.445   Data:  00 00 00 20
T0AB8 640:583.452   Debug reg: DWT_CTRL
T0AB8 640:583.457 - 0.794ms returns 0
T0AB8 640:583.481 JLINK_WriteU32_64(0xE0001000, 0x20000001)
T0AB8 640:583.487   Debug reg: DWT_CTRL
T0AB8 640:583.496 - 0.017ms returns 0 (0x00000000)
T0AB8 640:583.507 JLINK_WriteU32_64(0xE0001028, 0x00000100)
T0AB8 640:583.511   Debug reg: DWT_FUNC[0]
T0AB8 640:583.518 - 0.012ms returns 0 (0x00000000)
T0AB8 640:583.522 JLINK_ReadMem(0xE0001028, 0x4 Bytes, ...)
T0AB8 640:583.528   CPU_WriteMem(4 bytes @ 0xE0001028)
T0AB8 640:584.262   CPU_ReadMem(4 bytes @ 0xE0001028)
T0AB8 640:585.773   Data:  00 00 00 00
T0AB8 640:585.778   Debug reg: DWT_FUNC[0]
T0AB8 640:585.783 - 2.262ms returns 0
T0AB8 640:585.803 JLINK_WriteU32_64(0xE0001024, 0x0000001F)
T0AB8 640:585.807   Debug reg: DWT_MASK[0]
T0AB8 640:585.815 - 0.013ms returns 0 (0x00000000)
T0AB8 640:585.819 JLINK_ReadMem(0xE0001024, 0x4 Bytes, ...)
T0AB8 640:585.824   CPU_WriteMem(4 bytes @ 0xE0001024)
T0AB8 640:586.556   CPU_ReadMem(4 bytes @ 0xE0001024)
T0AB8 640:587.295   Data:  1F 00 00 00
T0AB8 640:587.308   Debug reg: DWT_MASK[0]
T0AB8 640:587.313 - 1.495ms returns 0
T0AB8 640:587.332 JLINK_WriteU32_64(0xE0001038, 0x00000100)
T0AB8 640:587.336   Debug reg: DWT_FUNC[1]
T0AB8 640:587.343 - 0.012ms returns 0 (0x00000000)
T0AB8 640:587.348 JLINK_ReadMem(0xE0001038, 0x4 Bytes, ...)
T0AB8 640:587.352   CPU_WriteMem(4 bytes @ 0xE0001038)
T0AB8 640:588.857   CPU_ReadMem(4 bytes @ 0xE0001038)
T0AB8 640:589.510   Data:  00 00 00 00
T0AB8 640:589.517   Debug reg: DWT_FUNC[1]
T0AB8 640:589.522 - 2.175ms returns 0
T0AB8 640:589.544 JLINK_WriteU32_64(0xE0001034, 0x0000001F)
T0AB8 640:589.548   Debug reg: DWT_MASK[1]
T0AB8 640:589.556 - 0.014ms returns 0 (0x00000000)
T0AB8 640:589.561 JLINK_ReadMem(0xE0001034, 0x4 Bytes, ...)
T0AB8 640:589.566   CPU_WriteMem(4 bytes @ 0xE0001034)
T0AB8 640:590.282   CPU_ReadMem(4 bytes @ 0xE0001034)
T0AB8 640:591.985   Data:  1F 00 00 00
T0AB8 640:591.995   Debug reg: DWT_MASK[1]
T0AB8 640:592.000 - 2.440ms returns 0
T0AB8 640:592.022 JLINK_WriteU32_64(0xE0001020, 0x00000000)
T0AB8 640:592.030   Debug reg: DWT_COMP[0]
T0AB8 640:592.039 - 0.018ms returns 0 (0x00000000)
T0AB8 640:592.048 JLINK_WriteU32_64(0xE0001024, 0x00000000)
T0AB8 640:592.051   Debug reg: DWT_MASK[0]
T0AB8 640:592.058 - 0.011ms returns 0 (0x00000000)
T0AB8 640:592.067 JLINK_WriteU32_64(0xE0001028, 0x00000000)
T0AB8 640:592.070   Debug reg: DWT_FUNC[0]
T0AB8 640:592.076 - 0.011ms returns 0 (0x00000000)
T0AB8 640:592.086 JLINK_WriteU32_64(0xE0001030, 0x00000000)
T0AB8 640:592.090   Debug reg: DWT_COMP[1]
T0AB8 640:592.096 - 0.011ms returns 0 (0x00000000)
T0AB8 640:592.105 JLINK_WriteU32_64(0xE0001034, 0x00000000)
T0AB8 640:592.109   Debug reg: DWT_MASK[1]
T0AB8 640:592.115 - 0.011ms returns 0 (0x00000000)
T0AB8 640:592.124 JLINK_WriteU32_64(0xE0001038, 0x00000000)
T0AB8 640:592.128   Debug reg: DWT_FUNC[1]
T0AB8 640:592.134 - 0.011ms returns 0 (0x00000000)
T0AB8 640:592.140 JLINK_GetBPInfo(BPHandle = 1)
T0AB8 640:592.143 - 0.005ms returns 0x0
T0AB8 640:592.148 JLINK_ClrBPEx(BPHandle = 0x00000001)
T0AB8 640:592.152 - 0.006ms returns 0x00
T0AB8 640:592.173 JLINK_ReadReg(R15 (PC))
T0AB8 640:592.178 - 0.006ms returns 0x00002DB4
T0AB8 640:592.261 JLINK_Go()
T0AB8 640:592.272   CPU_WriteMem(4 bytes @ 0xE0001000)
T0AB8 640:592.968   CPU_ReadMem(4 bytes @ 0xE0001000)
T0AB8 640:593.774   CPU_WriteMem(4 bytes @ 0xE000ED30)
T0AB8 640:595.359   CPU_WriteMem(4 bytes @ 0xE0001000)
T0AB8 640:595.366   CPU_WriteMem(4 bytes @ 0xE0001020)
T0AB8 640:595.372   CPU_WriteMem(4 bytes @ 0xE0001030)
T0AB8 640:595.377   CPU_WriteMem(4 bytes @ 0xE0001024)
T0AB8 640:595.382   CPU_WriteMem(4 bytes @ 0xE0001034)
T0AB8 640:595.387   CPU_WriteMem(4 bytes @ 0xE0001028)
T0AB8 640:595.392   CPU_WriteMem(4 bytes @ 0xE0001038)
T0AB8 640:595.397   CPU_WriteMem(4 bytes @ 0xE0002008)
T0AB8 640:600.339 - 8.083ms
T0F00 640:600.426 JLINK_IsHalted()
T0F00 640:601.827   CPU_ReadMem(4 bytes @ 0x41002100)
T0F00 640:602.763 - 2.346ms returns FALSE
T0F00 640:643.480 JLINK_IsHalted()
T0F00 640:644.531   CPU_ReadMem(4 bytes @ 0x41002100)
T0F00 640:646.457 - 2.984ms returns FALSE
T0F00 640:806.845 JLINK_IsHalted()
T0F00 640:807.802   CPU_ReadMem(4 bytes @ 0x41002100)
T0F00 640:808.505 - 1.663ms returns FALSE
T0F00 641:009.569 JLINK_IsHalted()
T0F00 641:010.201   CPU_ReadMem(4 bytes @ 0x41002100)
T0F00 641:011.442 - 1.877ms returns FALSE
T0F00 641:211.467 JLINK_IsHalted()
T0F00 641:213.023   CPU_ReadMem(4 bytes @ 0x41002100)
T0F00 641:213.791 - 2.330ms returns FALSE
T0F00 641:415.344 JLINK_IsHalted()
T0F00 641:416.222   CPU_ReadMem(4 bytes @ 0x41002100)
T0F00 641:417.782 - 2.440ms returns FALSE
T0AB8 641:471.483 JLINK_Halt()
T0AB8 641:477.519 - 6.047ms returns 0x00
T0F00 641:617.843 JLINK_IsHalted()
T0F00 641:617.865 - 0.023ms returns TRUE
T0F00 641:617.871 JLINK_GetMOEs(...)
T0F00 641:617.881   CPU_ReadMem(4 bytes @ 0xE000ED30)
T0F00 641:619.361 - 1.503ms returns 0x01
T0F00 641:619.380 JLINK_ReadReg(R15 (PC))
T0F00 641:619.388 - 0.009ms returns 0x00003904
T0F2C 641:620.025 JLINK_ResetPullsRESET(ON)
T0F2C 641:620.035 - 0.012ms
T0F2C 641:620.040 JLINK_ResetNoHalt()
T0F2C 641:620.666   InitTarget() start
T0F2C 641:620.677    J-Link Script File: Executing InitTarget()
T0F2C 641:620.690   InitTarget()
T0F2C 641:633.834   InitTarget() end
T0F2C 641:635.772   Found SW-DP with ID 0x0BC11477
T0F2C 641:645.854   Old FW that does not support reading DPIDR via DAP jobs
T0F2C 641:655.344   DPv0 detected
T0F2C 641:655.365   AP map detection skipped. Manually configured AP map found.
T0F2C 641:655.384   AP[0]: AHB-AP (IDR: Not set)
T0F2C 641:666.163   AP[0]: Core found
T0F2C 641:666.179   AP[0]: AHB-AP ROM base: 0x41003000
T0F2C 641:671.563   CPUID register: 0x410CC601. Implementer code: 0x41 (ARM)
T0F2C 641:671.573   Found Cortex-M0 r0p1, Little endian.
T0F2C 641:773.473   -- Max. mem block: 0x00000A40
T0F2C 641:773.507   CPU_ReadMem(4 bytes @ 0xE000EDF0)
T0F2C 641:774.456   CPU_ReadMem(4 bytes @ 0xE0002000)
T0F2C 641:776.067   FPUnit: 4 code (BP) slots and 0 literal slots
T0F2C 641:776.075   CPU_ReadMem(4 bytes @ 0xE0001000)
T0F2C 641:777.031   CoreSight components:
T0F2C 641:777.041   ROMTbl[0] @ 41003000
T0F2C 641:777.047   CPU_ReadMem(64 bytes @ 0x41003000)
T0F2C 641:779.320   CPU_ReadMem(32 bytes @ 0xE00FFFE0)
T0F2C 641:780.326   ROMTbl[0][0]: E00FF000, CID: B105100D, PID: 000BB4C0 ROM Table
T0F2C 641:780.335   ROMTbl[1] @ E00FF000
T0F2C 641:780.340   CPU_ReadMem(64 bytes @ 0xE00FF000)
T0F2C 641:782.709   CPU_ReadMem(32 bytes @ 0xE000EFE0)
T0F2C 641:783.676   ROMTbl[1][0]: E000E000, CID: B105E00D, PID: 000BB008 SCS
T0F2C 641:783.683   CPU_WriteMem(4 bytes @ 0xE0001000)
T0F2C 641:784.577   CPU_ReadMem(32 bytes @ 0xE0001FE0)
T0F2C 641:786.149   ROMTbl[1][1]: E0001000, CID: B105E00D, PID: 000BB00A DWT
T0F2C 641:786.156   CPU_ReadMem(32 bytes @ 0xE0002FE0)
T0F2C 641:787.098   ROMTbl[1][2]: E0002000, CID: B105E00D, PID: 000BB00B FPB
T0F2C 641:787.104   CPU_ReadMem(32 bytes @ 0x41006FE0)
T0F2C 641:789.141   ROMTbl[0][1]: 41006000, CID: B105900D, PID: 001BB932 MTB-M0+
T0F2C 641:789.153   JLINK_Reset()
T0F2C 641:789.163     ResetTarget() start
T0F2C 641:789.168      J-Link Script File: Executing ResetTarget()
T0F2C 641:789.176     CPU_ReadMem(4 bytes @ 0xE000EDFC)
T0F2C 641:789.843     CPU_WriteMem(4 bytes @ 0xE000EDFC)
T0F2C 641:790.653     CPU_WriteMem(4 bytes @ 0xE000ED0C)
T0F2C 641:794.143     CPU_ReadMem(4 bytes @ 0xE000EDF0)
T0F2C 641:795.433     CPU_ReadMem(4 bytes @ 0x41002100)
T0F2C 641:796.119     CPU_WriteMem(4 bytes @ 0xE000EDFC)
T0F2C 641:797.005     ResetTarget() end
T0F2C 641:805.339     CPU_WriteMem(4 bytes @ 0xE0002000)
T0F2C 641:805.987     CPU_ReadMem(4 bytes @ 0xE000EDFC)
T0F2C 641:806.751     CPU_ReadMem(4 bytes @ 0xE0001000)
T0F2C 641:808.204     CPU_WriteMem(4 bytes @ 0xE0001000)
T0F2C 641:808.998   - 19.847ms
T0F2C 641:809.004   JLINK_Go()
T0F2C 641:809.013     CPU_ReadMem(4 bytes @ 0xE0001000)
T0F2C 641:809.787     CPU_WriteMem(4 bytes @ 0xE0001000)
T0F2C 641:809.793     CPU_WriteMem(4 bytes @ 0xE0002008)
T0F2C 641:809.799     CPU_WriteMem(4 bytes @ 0xE000200C)
T0F2C 641:809.804     CPU_WriteMem(4 bytes @ 0xE0002010)
T0F2C 641:809.808     CPU_WriteMem(4 bytes @ 0xE0002014)
T0F2C 641:812.893     CPU_WriteMem(4 bytes @ 0xE0001004)
T0F2C 641:815.302   - 6.301ms
T0F2C 641:815.307 - 195.268ms
T0F2C 641:826.466 JLINK_Close()
T0F2C 641:827.195   CPU is running
T0F2C 641:827.203   CPU_WriteMem(4 bytes @ 0xE0002008)
T0F2C 641:828.038   CPU is running
T0F2C 641:828.063   CPU_WriteMem(4 bytes @ 0xE000200C)
T0F2C 641:828.831   CPU is running
T0F2C 641:828.838   CPU_WriteMem(4 bytes @ 0xE0002010)
T0F2C 641:830.399   CPU is running
T0F2C 641:830.408   CPU_WriteMem(4 bytes @ 0xE0002014)
T0F2C 641:853.596 - 27.146ms
T0F2C 641:853.614   
T0F2C 641:853.630   Closed
